<?xml version="1.0" encoding="UTF-8"?>
<testsuites>
  <testsuite name="" tests="1945" assertions="28046" errors="0" warnings="0" failures="5" skipped="0" time="179.678200">
    <testsuite name="Unit" tests="12" assertions="24" errors="0" warnings="0" failures="0" skipped="0" time="0.005707">
      <testsuite name="Tests\Unit\ExampleTest" file="D:\Software\PhpProject\Demo\co_crmv5\tests\Unit\ExampleTest.php" tests="1" assertions="1" errors="0" warnings="0" failures="0" skipped="0" time="0.003880">
        <testcase name="test_example" class="Tests\Unit\ExampleTest" classname="Tests.Unit.ExampleTest" file="D:\Software\PhpProject\Demo\co_crmv5\tests\Unit\ExampleTest.php" line="14" assertions="1" time="0.003880"/>
      </testsuite>
      <testsuite name="Tests\Unit\LegacyRouteInventoryTest" file="D:\Software\PhpProject\Demo\co_crmv5\tests\Unit\LegacyRouteInventoryTest.php" tests="2" assertions="14" errors="0" warnings="0" failures="0" skipped="0" time="0.001392">
        <testcase name="test_compare_reports_matched_missing_uri_and_missing_methods" class="Tests\Unit\LegacyRouteInventoryTest" classname="Tests.Unit.LegacyRouteInventoryTest" file="D:\Software\PhpProject\Demo\co_crmv5\tests\Unit\LegacyRouteInventoryTest.php" line="10" assertions="7" time="0.000568"/>
        <testcase name="test_compare_accepts_only_explicit_and_exact_method_restriction_policies" class="Tests\Unit\LegacyRouteInventoryTest" classname="Tests.Unit.LegacyRouteInventoryTest" file="D:\Software\PhpProject\Demo\co_crmv5\tests\Unit\LegacyRouteInventoryTest.php" line="37" assertions="7" time="0.000825"/>
      </testsuite>
      <testsuite name="Tests\Unit\SecretReferenceTest" file="D:\Software\PhpProject\Demo\co_crmv5\tests\Unit\SecretReferenceTest.php" tests="9" assertions="9" errors="0" warnings="0" failures="0" skipped="0" time="0.000434">
        <testsuite name="Tests\Unit\SecretReferenceTest::test_explicit_secret_references_are_accepted" tests="3" assertions="3" errors="0" warnings="0" failures="0" skipped="0" time="0.000262">
          <testcase name="test_explicit_secret_references_are_accepted with data set &quot;environment&quot;" class="Tests\Unit\SecretReferenceTest" classname="Tests.Unit.SecretReferenceTest" file="D:\Software\PhpProject\Demo\co_crmv5\tests\Unit\SecretReferenceTest.php" line="13" assertions="1" time="0.000208"/>
          <testcase name="test_explicit_secret_references_are_accepted with data set &quot;vault path&quot;" class="Tests\Unit\SecretReferenceTest" classname="Tests.Unit.SecretReferenceTest" file="D:\Software\PhpProject\Demo\co_crmv5\tests\Unit\SecretReferenceTest.php" line="13" assertions="1" time="0.000042"/>
          <testcase name="test_explicit_secret_references_are_accepted with data set &quot;vault field&quot;" class="Tests\Unit\SecretReferenceTest" classname="Tests.Unit.SecretReferenceTest" file="D:\Software\PhpProject\Demo\co_crmv5\tests\Unit\SecretReferenceTest.php" line="13" assertions="1" time="0.000012"/>
        </testsuite>
        <testsuite name="Tests\Unit\SecretReferenceTest::test_bare_or_unsafe_secret_values_are_rejected" tests="6" assertions="6" errors="0" warnings="0" failures="0" skipped="0" time="0.000173">
          <testcase name="test_bare_or_unsafe_secret_values_are_rejected with data set &quot;bare environment name&quot;" class="Tests\Unit\SecretReferenceTest" classname="Tests.Unit.SecretReferenceTest" file="D:\Software\PhpProject\Demo\co_crmv5\tests\Unit\SecretReferenceTest.php" line="28" assertions="1" time="0.000124"/>
          <testcase name="test_bare_or_unsafe_secret_values_are_rejected with data set &quot;live key lookalike&quot;" class="Tests\Unit\SecretReferenceTest" classname="Tests.Unit.SecretReferenceTest" file="D:\Software\PhpProject\Demo\co_crmv5\tests\Unit\SecretReferenceTest.php" line="28" assertions="1" time="0.000012"/>
          <testcase name="test_bare_or_unsafe_secret_values_are_rejected with data set &quot;whitespace&quot;" class="Tests\Unit\SecretReferenceTest" classname="Tests.Unit.SecretReferenceTest" file="D:\Software\PhpProject\Demo\co_crmv5\tests\Unit\SecretReferenceTest.php" line="28" assertions="1" time="0.000009"/>
          <testcase name="test_bare_or_unsafe_secret_values_are_rejected with data set &quot;control&quot;" class="Tests\Unit\SecretReferenceTest" classname="Tests.Unit.SecretReferenceTest" file="D:\Software\PhpProject\Demo\co_crmv5\tests\Unit\SecretReferenceTest.php" line="28" assertions="1" time="0.000009"/>
          <testcase name="test_bare_or_unsafe_secret_values_are_rejected with data set &quot;lowercase environment&quot;" class="Tests\Unit\SecretReferenceTest" classname="Tests.Unit.SecretReferenceTest" file="D:\Software\PhpProject\Demo\co_crmv5\tests\Unit\SecretReferenceTest.php" line="28" assertions="1" time="0.000009"/>
          <testcase name="test_bare_or_unsafe_secret_values_are_rejected with data set &quot;empty vault&quot;" class="Tests\Unit\SecretReferenceTest" classname="Tests.Unit.SecretReferenceTest" file="D:\Software\PhpProject\Demo\co_crmv5\tests\Unit\SecretReferenceTest.php" line="28" assertions="1" time="0.000009"/>
        </testsuite>
      </testsuite>
    </testsuite>
    <testsuite name="Feature" tests="1933" assertions="28022" errors="0" warnings="0" failures="5" skipped="0" time="179.672493">
      <testsuite name="Tests\Feature\AdminAccountBackendReadabilityTest" file="D:\Software\PhpProject\Demo\co_crmv5\tests\Feature\AdminAccountBackendReadabilityTest.php" tests="1" assertions="47" errors="0" warnings="0" failures="0" skipped="0" time="0.147898">
        <testcase name="test_admin_account_backend_keeps_readable_comments_and_password_boundary" class="Tests\Feature\AdminAccountBackendReadabilityTest" classname="Tests.Feature.AdminAccountBackendReadabilityTest" file="D:\Software\PhpProject\Demo\co_crmv5\tests\Feature\AdminAccountBackendReadabilityTest.php" line="25" assertions="47" time="0.147898"/>
      </testsuite>
      <testsuite name="Tests\Feature\AdminAccountCreatePrimaryKeyBoundaryClosureModuleTest" file="D:\Software\PhpProject\Demo\co_crmv5\tests\Feature\AdminAccountCreatePrimaryKeyBoundaryClosureModuleTest.php" tests="2" assertions="14" errors="0" warnings="0" failures="0" skipped="0" time="0.164854">
        <testcase name="test_admin_create_ignores_spoofed_primary_key" class="Tests\Feature\AdminAccountCreatePrimaryKeyBoundaryClosureModuleTest" classname="Tests.Feature.AdminAccountCreatePrimaryKeyBoundaryClosureModuleTest" file="D:\Software\PhpProject\Demo\co_crmv5\tests\Feature\AdminAccountCreatePrimaryKeyBoundaryClosureModuleTest.php" line="20" assertions="9" time="0.128347"/>
        <testcase name="test_final_checklist_records_admin_create_primary_key_boundary" class="Tests\Feature\AdminAccountCreatePrimaryKeyBoundaryClosureModuleTest" classname="Tests.Feature.AdminAccountCreatePrimaryKeyBoundaryClosureModuleTest" file="D:\Software\PhpProject\Demo\co_crmv5\tests\Feature\AdminAccountCreatePrimaryKeyBoundaryClosureModuleTest.php" line="58" assertions="5" time="0.036507"/>
      </testsuite>
      <testsuite name="Tests\Feature\AdminAccountDeleteRouteTargetBoundaryClosureModuleTest" file="D:\Software\PhpProject\Demo\co_crmv5\tests\Feature\AdminAccountDeleteRouteTargetBoundaryClosureModuleTest.php" tests="2" assertions="13" errors="0" warnings="0" failures="0" skipped="0" time="0.093479">
        <testcase name="test_admin_delete_uses_route_id_instead_of_spoofed_form_id" class="Tests\Feature\AdminAccountDeleteRouteTargetBoundaryClosureModuleTest" classname="Tests.Feature.AdminAccountDeleteRouteTargetBoundaryClosureModuleTest" file="D:\Software\PhpProject\Demo\co_crmv5\tests\Feature\AdminAccountDeleteRouteTargetBoundaryClosureModuleTest.php" line="20" assertions="8" time="0.062740"/>
        <testcase name="test_final_checklist_records_admin_delete_route_target_boundary" class="Tests\Feature\AdminAccountDeleteRouteTargetBoundaryClosureModuleTest" classname="Tests.Feature.AdminAccountDeleteRouteTargetBoundaryClosureModuleTest" file="D:\Software\PhpProject\Demo\co_crmv5\tests\Feature\AdminAccountDeleteRouteTargetBoundaryClosureModuleTest.php" line="52" assertions="5" time="0.030739"/>
      </testsuite>
      <testsuite name="Tests\Feature\AdminAccountFieldModuleTest" file="D:\Software\PhpProject\Demo\co_crmv5\tests\Feature\AdminAccountFieldModuleTest.php" tests="3" assertions="20" errors="0" warnings="0" failures="0" skipped="0" time="0.197956">
        <testcase name="test_admin_create_endpoint_persists_mobile_role_and_status" class="Tests\Feature\AdminAccountFieldModuleTest" classname="Tests.Feature.AdminAccountFieldModuleTest" file="D:\Software\PhpProject\Demo\co_crmv5\tests\Feature\AdminAccountFieldModuleTest.php" line="20" assertions="5" time="0.083766"/>
        <testcase name="test_admin_update_endpoint_persists_mobile_role_and_status_without_password_change" class="Tests\Feature\AdminAccountFieldModuleTest" classname="Tests.Feature.AdminAccountFieldModuleTest" file="D:\Software\PhpProject\Demo\co_crmv5\tests\Feature\AdminAccountFieldModuleTest.php" line="48" assertions="7" time="0.083362"/>
        <testcase name="test_admin_frontend_forms_expose_mobile_role_and_status_fields" class="Tests\Feature\AdminAccountFieldModuleTest" classname="Tests.Feature.AdminAccountFieldModuleTest" file="D:\Software\PhpProject\Demo\co_crmv5\tests\Feature\AdminAccountFieldModuleTest.php" line="82" assertions="8" time="0.030829"/>
      </testsuite>
      <testsuite name="Tests\Feature\AdminAccountListPasswordHiddenClosureModuleTest" file="D:\Software\PhpProject\Demo\co_crmv5\tests\Feature\AdminAccountListPasswordHiddenClosureModuleTest.php" tests="2" assertions="16" errors="0" warnings="0" failures="0" skipped="0" time="0.260882">
        <testcase name="test_admin_list_endpoints_do_not_expose_password_hashes" class="Tests\Feature\AdminAccountListPasswordHiddenClosureModuleTest" classname="Tests.Feature.AdminAccountListPasswordHiddenClosureModuleTest" file="D:\Software\PhpProject\Demo\co_crmv5\tests\Feature\AdminAccountListPasswordHiddenClosureModuleTest.php" line="20" assertions="10" time="0.230721"/>
        <testcase name="test_final_checklist_records_admin_list_password_hidden_boundary" class="Tests\Feature\AdminAccountListPasswordHiddenClosureModuleTest" classname="Tests.Feature.AdminAccountListPasswordHiddenClosureModuleTest" file="D:\Software\PhpProject\Demo\co_crmv5\tests\Feature\AdminAccountListPasswordHiddenClosureModuleTest.php" line="46" assertions="6" time="0.030161"/>
      </testsuite>
      <testsuite name="Tests\Feature\AdminAccountListSoftDeleteBoundaryClosureModuleTest" file="D:\Software\PhpProject\Demo\co_crmv5\tests\Feature\AdminAccountListSoftDeleteBoundaryClosureModuleTest.php" tests="2" assertions="16" errors="0" warnings="0" failures="0" skipped="0" time="0.245193">
        <testcase name="test_admin_list_endpoints_exclude_soft_deleted_admins" class="Tests\Feature\AdminAccountListSoftDeleteBoundaryClosureModuleTest" classname="Tests.Feature.AdminAccountListSoftDeleteBoundaryClosureModuleTest" file="D:\Software\PhpProject\Demo\co_crmv5\tests\Feature\AdminAccountListSoftDeleteBoundaryClosureModuleTest.php" line="20" assertions="10" time="0.221280"/>
        <testcase name="test_final_checklist_records_admin_list_soft_delete_boundary" class="Tests\Feature\AdminAccountListSoftDeleteBoundaryClosureModuleTest" classname="Tests.Feature.AdminAccountListSoftDeleteBoundaryClosureModuleTest" file="D:\Software\PhpProject\Demo\co_crmv5\tests\Feature\AdminAccountListSoftDeleteBoundaryClosureModuleTest.php" line="44" assertions="6" time="0.023912"/>
      </testsuite>
      <testsuite name="Tests\Feature\AdminAccountResetPasswordClosureModuleTest" file="D:\Software\PhpProject\Demo\co_crmv5\tests\Feature\AdminAccountResetPasswordClosureModuleTest.php" tests="3" assertions="27" errors="0" warnings="0" failures="0" skipped="0" time="0.146726">
        <testcase name="test_admin_reset_password_route_permission_and_frontend_actions_are_wired" class="Tests\Feature\AdminAccountResetPasswordClosureModuleTest" classname="Tests.Feature.AdminAccountResetPasswordClosureModuleTest" file="D:\Software\PhpProject\Demo\co_crmv5\tests\Feature\AdminAccountResetPasswordClosureModuleTest.php" line="21" assertions="16" time="0.038736"/>
        <testcase name="test_admin_reset_password_uses_route_id_instead_of_spoofed_form_id" class="Tests\Feature\AdminAccountResetPasswordClosureModuleTest" classname="Tests.Feature.AdminAccountResetPasswordClosureModuleTest" file="D:\Software\PhpProject\Demo\co_crmv5\tests\Feature\AdminAccountResetPasswordClosureModuleTest.php" line="62" assertions="6" time="0.063610"/>
        <testcase name="test_final_checklist_records_admin_reset_password_closure" class="Tests\Feature\AdminAccountResetPasswordClosureModuleTest" classname="Tests.Feature.AdminAccountResetPasswordClosureModuleTest" file="D:\Software\PhpProject\Demo\co_crmv5\tests\Feature\AdminAccountResetPasswordClosureModuleTest.php" line="95" assertions="5" time="0.044380"/>
      </testsuite>
      <testsuite name="Tests\Feature\AdminAccountRoleStatusValidationClosureModuleTest" file="D:\Software\PhpProject\Demo\co_crmv5\tests\Feature\AdminAccountRoleStatusValidationClosureModuleTest.php" tests="3" assertions="21" errors="0" warnings="0" failures="0" skipped="0" time="0.155785">
        <testcase name="test_create_admin_rejects_invalid_role_or_status_without_writing_account" class="Tests\Feature\AdminAccountRoleStatusValidationClosureModuleTest" classname="Tests.Feature.AdminAccountRoleStatusValidationClosureModuleTest" file="D:\Software\PhpProject\Demo\co_crmv5\tests\Feature\AdminAccountRoleStatusValidationClosureModuleTest.php" line="20" assertions="6" time="0.067230"/>
        <testcase name="test_update_admin_rejects_invalid_role_or_status_without_changing_account" class="Tests\Feature\AdminAccountRoleStatusValidationClosureModuleTest" classname="Tests.Feature.AdminAccountRoleStatusValidationClosureModuleTest" file="D:\Software\PhpProject\Demo\co_crmv5\tests\Feature\AdminAccountRoleStatusValidationClosureModuleTest.php" line="59" assertions="9" time="0.060713"/>
        <testcase name="test_final_checklist_records_admin_account_role_status_validation_boundary" class="Tests\Feature\AdminAccountRoleStatusValidationClosureModuleTest" classname="Tests.Feature.AdminAccountRoleStatusValidationClosureModuleTest" file="D:\Software\PhpProject\Demo\co_crmv5\tests\Feature\AdminAccountRoleStatusValidationClosureModuleTest.php" line="107" assertions="6" time="0.027842"/>
      </testsuite>
      <testsuite name="Tests\Feature\AdminAccountRouteIdValidationClosureModuleTest" file="D:\Software\PhpProject\Demo\co_crmv5\tests\Feature\AdminAccountRouteIdValidationClosureModuleTest.php" tests="4" assertions="25" errors="0" warnings="0" failures="0" skipped="0" time="0.224339">
        <testcase name="test_update_admin_rejects_non_strict_route_id_without_changing_account" class="Tests\Feature\AdminAccountRouteIdValidationClosureModuleTest" classname="Tests.Feature.AdminAccountRouteIdValidationClosureModuleTest" file="D:\Software\PhpProject\Demo\co_crmv5\tests\Feature\AdminAccountRouteIdValidationClosureModuleTest.php" line="20" assertions="7" time="0.062872"/>
        <testcase name="test_reset_admin_password_rejects_non_strict_route_id_without_changing_password" class="Tests\Feature\AdminAccountRouteIdValidationClosureModuleTest" classname="Tests.Feature.AdminAccountRouteIdValidationClosureModuleTest" file="D:\Software\PhpProject\Demo\co_crmv5\tests\Feature\AdminAccountRouteIdValidationClosureModuleTest.php" line="51" assertions="4" time="0.053834"/>
        <testcase name="test_delete_admin_rejects_non_strict_route_id_without_deleting_account" class="Tests\Feature\AdminAccountRouteIdValidationClosureModuleTest" classname="Tests.Feature.AdminAccountRouteIdValidationClosureModuleTest" file="D:\Software\PhpProject\Demo\co_crmv5\tests\Feature\AdminAccountRouteIdValidationClosureModuleTest.php" line="75" assertions="5" time="0.062481"/>
        <testcase name="test_final_checklist_records_admin_account_route_id_validation_boundary" class="Tests\Feature\AdminAccountRouteIdValidationClosureModuleTest" classname="Tests.Feature.AdminAccountRouteIdValidationClosureModuleTest" file="D:\Software\PhpProject\Demo\co_crmv5\tests\Feature\AdminAccountRouteIdValidationClosureModuleTest.php" line="98" assertions="9" time="0.045153"/>
      </testsuite>
      <testsuite name="Tests\Feature\AdminAccountRouteTargetBoundaryClosureModuleTest" file="D:\Software\PhpProject\Demo\co_crmv5\tests\Feature\AdminAccountRouteTargetBoundaryClosureModuleTest.php" tests="2" assertions="18" errors="0" warnings="0" failures="0" skipped="0" time="0.120082">
        <testcase name="test_admin_update_uses_route_id_instead_of_spoofed_form_id" class="Tests\Feature\AdminAccountRouteTargetBoundaryClosureModuleTest" classname="Tests.Feature.AdminAccountRouteTargetBoundaryClosureModuleTest" file="D:\Software\PhpProject\Demo\co_crmv5\tests\Feature\AdminAccountRouteTargetBoundaryClosureModuleTest.php" line="20" assertions="13" time="0.071834"/>
        <testcase name="test_final_checklist_records_admin_account_route_target_boundary" class="Tests\Feature\AdminAccountRouteTargetBoundaryClosureModuleTest" classname="Tests.Feature.AdminAccountRouteTargetBoundaryClosureModuleTest" file="D:\Software\PhpProject\Demo\co_crmv5\tests\Feature\AdminAccountRouteTargetBoundaryClosureModuleTest.php" line="66" assertions="5" time="0.048247"/>
      </testsuite>
      <testsuite name="Tests\Feature\AdminAccountUniqueIdentityClosureModuleTest" file="D:\Software\PhpProject\Demo\co_crmv5\tests\Feature\AdminAccountUniqueIdentityClosureModuleTest.php" tests="3" assertions="20" errors="0" warnings="0" failures="0" skipped="0" time="0.192581">
        <testcase name="test_create_admin_rejects_existing_username_or_email" class="Tests\Feature\AdminAccountUniqueIdentityClosureModuleTest" classname="Tests.Feature.AdminAccountUniqueIdentityClosureModuleTest" file="D:\Software\PhpProject\Demo\co_crmv5\tests\Feature\AdminAccountUniqueIdentityClosureModuleTest.php" line="20" assertions="6" time="0.082689"/>
        <testcase name="test_update_admin_rejects_username_or_email_used_by_another_admin" class="Tests\Feature\AdminAccountUniqueIdentityClosureModuleTest" classname="Tests.Feature.AdminAccountUniqueIdentityClosureModuleTest" file="D:\Software\PhpProject\Demo\co_crmv5\tests\Feature\AdminAccountUniqueIdentityClosureModuleTest.php" line="60" assertions="8" time="0.074664"/>
        <testcase name="test_final_checklist_records_admin_account_unique_identity_boundary" class="Tests\Feature\AdminAccountUniqueIdentityClosureModuleTest" classname="Tests.Feature.AdminAccountUniqueIdentityClosureModuleTest" file="D:\Software\PhpProject\Demo\co_crmv5\tests\Feature\AdminAccountUniqueIdentityClosureModuleTest.php" line="110" assertions="6" time="0.035228"/>
      </testsuite>
      <testsuite name="Tests\Feature\AdminAccountUpdateBlankPasswordClosureModuleTest" file="D:\Software\PhpProject\Demo\co_crmv5\tests\Feature\AdminAccountUpdateBlankPasswordClosureModuleTest.php" tests="2" assertions="16" errors="0" warnings="0" failures="0" skipped="0" time="0.124008">
        <testcase name="test_update_admin_keeps_existing_password_when_blank_password_is_submitted" class="Tests\Feature\AdminAccountUpdateBlankPasswordClosureModuleTest" classname="Tests.Feature.AdminAccountUpdateBlankPasswordClosureModuleTest" file="D:\Software\PhpProject\Demo\co_crmv5\tests\Feature\AdminAccountUpdateBlankPasswordClosureModuleTest.php" line="20" assertions="11" time="0.097254"/>
        <testcase name="test_final_checklist_records_admin_account_blank_password_update_boundary" class="Tests\Feature\AdminAccountUpdateBlankPasswordClosureModuleTest" classname="Tests.Feature.AdminAccountUpdateBlankPasswordClosureModuleTest" file="D:\Software\PhpProject\Demo\co_crmv5\tests\Feature\AdminAccountUpdateBlankPasswordClosureModuleTest.php" line="67" assertions="5" time="0.026753"/>
      </testsuite>
      <testsuite name="Tests\Feature\AdminAdminsJsCommentReadabilityTest" file="D:\Software\PhpProject\Demo\co_crmv5\tests\Feature\AdminAdminsJsCommentReadabilityTest.php" tests="2" assertions="15" errors="0" warnings="0" failures="0" skipped="0" time="0.056267">
        <testcase name="test_admins_js_keeps_readable_chinese_logic_comments" class="Tests\Feature\AdminAdminsJsCommentReadabilityTest" classname="Tests.Feature.AdminAdminsJsCommentReadabilityTest" file="D:\Software\PhpProject\Demo\co_crmv5\tests\Feature\AdminAdminsJsCommentReadabilityTest.php" line="25" assertions="7" time="0.028566"/>
        <testcase name="test_admins_js_does_not_contain_garbled_comment_fragments" class="Tests\Feature\AdminAdminsJsCommentReadabilityTest" classname="Tests.Feature.AdminAdminsJsCommentReadabilityTest" file="D:\Software\PhpProject\Demo\co_crmv5\tests\Feature\AdminAdminsJsCommentReadabilityTest.php" line="39" assertions="8" time="0.027701"/>
      </testsuite>
      <testsuite name="Tests\Feature\AdminAgentCommissionAgentIdValidationClosureModuleTest" file="D:\Software\PhpProject\Demo\co_crmv5\tests\Feature\AdminAgentCommissionAgentIdValidationClosureModuleTest.php" tests="2" assertions="10" errors="0" warnings="0" failures="0" skipped="0" time="0.081820">
        <testcase name="test_update_agent_commission_rejects_non_strict_agent_id_without_writing_user_info" class="Tests\Feature\AdminAgentCommissionAgentIdValidationClosureModuleTest" classname="Tests.Feature.AdminAgentCommissionAgentIdValidationClosureModuleTest" file="D:\Software\PhpProject\Demo\co_crmv5\tests\Feature\AdminAgentCommissionAgentIdValidationClosureModuleTest.php" line="19" assertions="3" time="0.046837"/>
        <testcase name="test_final_checklist_records_admin_agent_commission_agent_id_validation_boundary" class="Tests\Feature\AdminAgentCommissionAgentIdValidationClosureModuleTest" classname="Tests.Feature.AdminAgentCommissionAgentIdValidationClosureModuleTest" file="D:\Software\PhpProject\Demo\co_crmv5\tests\Feature\AdminAgentCommissionAgentIdValidationClosureModuleTest.php" line="40" assertions="7" time="0.034983"/>
      </testsuite>
      <testsuite name="Tests\Feature\AdminAgentConfirmationApproveRemarkClosureModuleTest" file="D:\Software\PhpProject\Demo\co_crmv5\tests\Feature\AdminAgentConfirmationApproveRemarkClosureModuleTest.php" tests="2" assertions="10" errors="0" warnings="0" failures="0" skipped="0" time="0.079437">
        <testcase name="test_confirm_agent_clears_previous_rejection_remark_when_approval_succeeds" class="Tests\Feature\AdminAgentConfirmationApproveRemarkClosureModuleTest" classname="Tests.Feature.AdminAgentConfirmationApproveRemarkClosureModuleTest" file="D:\Software\PhpProject\Demo\co_crmv5\tests\Feature\AdminAgentConfirmationApproveRemarkClosureModuleTest.php" line="19" assertions="4" time="0.048051"/>
        <testcase name="test_final_checklist_records_admin_agent_confirmation_approve_remark_boundary" class="Tests\Feature\AdminAgentConfirmationApproveRemarkClosureModuleTest" classname="Tests.Feature.AdminAgentConfirmationApproveRemarkClosureModuleTest" file="D:\Software\PhpProject\Demo\co_crmv5\tests\Feature\AdminAgentConfirmationApproveRemarkClosureModuleTest.php" line="40" assertions="6" time="0.031387"/>
      </testsuite>
      <testsuite name="Tests\Feature\AdminAgentConfirmationModuleTest" file="D:\Software\PhpProject\Demo\co_crmv5\tests\Feature\AdminAgentConfirmationModuleTest.php" tests="5" assertions="44" errors="0" warnings="0" failures="0" skipped="0" time="0.221254">
        <testcase name="test_agent_confirmation_api_routes_have_permission_middleware" class="Tests\Feature\AdminAgentConfirmationModuleTest" classname="Tests.Feature.AdminAgentConfirmationModuleTest" file="D:\Software\PhpProject\Demo\co_crmv5\tests\Feature\AdminAgentConfirmationModuleTest.php" line="20" assertions="4" time="0.025855"/>
        <testcase name="test_confirm_agent_updates_real_confirmation_flag_and_writes_operation_log" class="Tests\Feature\AdminAgentConfirmationModuleTest" classname="Tests.Feature.AdminAgentConfirmationModuleTest" file="D:\Software\PhpProject\Demo\co_crmv5\tests\Feature\AdminAgentConfirmationModuleTest.php" line="34" assertions="10" time="0.045535"/>
        <testcase name="test_reject_agent_confirmation_resets_flag_saves_reason_and_writes_operation_log" class="Tests\Feature\AdminAgentConfirmationModuleTest" classname="Tests.Feature.AdminAgentConfirmationModuleTest" file="D:\Software\PhpProject\Demo\co_crmv5\tests\Feature\AdminAgentConfirmationModuleTest.php" line="73" assertions="11" time="0.064866"/>
        <testcase name="test_agent_confirmation_frontend_configs_are_exposed" class="Tests\Feature\AdminAgentConfirmationModuleTest" classname="Tests.Feature.AdminAgentConfirmationModuleTest" file="D:\Software\PhpProject\Demo\co_crmv5\tests\Feature\AdminAgentConfirmationModuleTest.php" line="116" assertions="10" time="0.043008"/>
        <testcase name="test_agent_confirmation_permission_migrations_declare_required_permissions" class="Tests\Feature\AdminAgentConfirmationModuleTest" classname="Tests.Feature.AdminAgentConfirmationModuleTest" file="D:\Software\PhpProject\Demo\co_crmv5\tests\Feature\AdminAgentConfirmationModuleTest.php" line="135" assertions="9" time="0.041990"/>
      </testsuite>
      <testsuite name="Tests\Feature\AdminAgentDescendantsAgentIdValidationClosureModuleTest" file="D:\Software\PhpProject\Demo\co_crmv5\tests\Feature\AdminAgentDescendantsAgentIdValidationClosureModuleTest.php" tests="2" assertions="9" errors="0" warnings="0" failures="0" skipped="0" time="0.080556">
        <testcase name="test_agent_descendants_rejects_non_strict_agent_id_without_returning_tree_rows" class="Tests\Feature\AdminAgentDescendantsAgentIdValidationClosureModuleTest" classname="Tests.Feature.AdminAgentDescendantsAgentIdValidationClosureModuleTest" file="D:\Software\PhpProject\Demo\co_crmv5\tests\Feature\AdminAgentDescendantsAgentIdValidationClosureModuleTest.php" line="19" assertions="3" time="0.049027"/>
        <testcase name="test_final_checklist_records_admin_agent_descendants_agent_id_validation_boundary" class="Tests\Feature\AdminAgentDescendantsAgentIdValidationClosureModuleTest" classname="Tests.Feature.AdminAgentDescendantsAgentIdValidationClosureModuleTest" file="D:\Software\PhpProject\Demo\co_crmv5\tests\Feature\AdminAgentDescendantsAgentIdValidationClosureModuleTest.php" line="42" assertions="6" time="0.031529"/>
      </testsuite>
      <testsuite name="Tests\Feature\AdminAgentDescendantsModuleTest" file="D:\Software\PhpProject\Demo\co_crmv5\tests\Feature\AdminAgentDescendantsModuleTest.php" tests="2" assertions="43" errors="0" warnings="0" failures="0" skipped="0" time="0.155082">
        <testcase name="test_agent_descendants_endpoint_falls_back_to_user_parent_tree_when_closure_rows_are_missing" class="Tests\Feature\AdminAgentDescendantsModuleTest" classname="Tests.Feature.AdminAgentDescendantsModuleTest" file="D:\Software\PhpProject\Demo\co_crmv5\tests\Feature\AdminAgentDescendantsModuleTest.php" line="20" assertions="34" time="0.080321"/>
        <testcase name="test_agent_descendants_endpoint_normalizes_existing_closure_rows_for_frontend_tables" class="Tests\Feature\AdminAgentDescendantsModuleTest" classname="Tests.Feature.AdminAgentDescendantsModuleTest" file="D:\Software\PhpProject\Demo\co_crmv5\tests\Feature\AdminAgentDescendantsModuleTest.php" line="57" assertions="9" time="0.074761"/>
      </testsuite>
      <testsuite name="Tests\Feature\AdminAgentDetailAgentIdValidationClosureModuleTest" file="D:\Software\PhpProject\Demo\co_crmv5\tests\Feature\AdminAgentDetailAgentIdValidationClosureModuleTest.php" tests="2" assertions="9" errors="0" warnings="0" failures="0" skipped="0" time="0.115024">
        <testcase name="test_agent_detail_rejects_non_strict_agent_id_without_returning_agent_profile" class="Tests\Feature\AdminAgentDetailAgentIdValidationClosureModuleTest" classname="Tests.Feature.AdminAgentDetailAgentIdValidationClosureModuleTest" file="D:\Software\PhpProject\Demo\co_crmv5\tests\Feature\AdminAgentDetailAgentIdValidationClosureModuleTest.php" line="19" assertions="3" time="0.064016"/>
        <testcase name="test_final_checklist_records_admin_agent_detail_agent_id_validation_boundary" class="Tests\Feature\AdminAgentDetailAgentIdValidationClosureModuleTest" classname="Tests.Feature.AdminAgentDetailAgentIdValidationClosureModuleTest" file="D:\Software\PhpProject\Demo\co_crmv5\tests\Feature\AdminAgentDetailAgentIdValidationClosureModuleTest.php" line="38" assertions="6" time="0.051008"/>
      </testsuite>
      <testsuite name="Tests\Feature\AdminAgentExportModuleTest" file="D:\Software\PhpProject\Demo\co_crmv5\tests\Feature\AdminAgentExportModuleTest.php" tests="6" assertions="32" errors="0" warnings="0" failures="0" skipped="0" time="0.549942">
        <testcase name="test_agent_export_api_route_has_permission_middleware" class="Tests\Feature\AdminAgentExportModuleTest" classname="Tests.Feature.AdminAgentExportModuleTest" file="D:\Software\PhpProject\Demo\co_crmv5\tests\Feature\AdminAgentExportModuleTest.php" line="20" assertions="2" time="0.038019"/>
        <testcase name="test_agent_export_endpoint_returns_current_filter_csv" class="Tests\Feature\AdminAgentExportModuleTest" classname="Tests.Feature.AdminAgentExportModuleTest" file="D:\Software\PhpProject\Demo\co_crmv5\tests\Feature\AdminAgentExportModuleTest.php" line="29" assertions="10" time="0.107083"/>
        <testcase name="test_agent_list_endpoint_filters_by_created_date_range" class="Tests\Feature\AdminAgentExportModuleTest" classname="Tests.Feature.AdminAgentExportModuleTest" file="D:\Software\PhpProject\Demo\co_crmv5\tests\Feature\AdminAgentExportModuleTest.php" line="58" assertions="4" time="0.237131"/>
        <testcase name="test_agent_export_endpoint_filters_by_created_date_range" class="Tests\Feature\AdminAgentExportModuleTest" classname="Tests.Feature.AdminAgentExportModuleTest" file="D:\Software\PhpProject\Demo\co_crmv5\tests\Feature\AdminAgentExportModuleTest.php" line="94" assertions="5" time="0.089525"/>
        <testcase name="test_agent_export_frontend_configs_are_exposed" class="Tests\Feature\AdminAgentExportModuleTest" classname="Tests.Feature.AdminAgentExportModuleTest" file="D:\Software\PhpProject\Demo\co_crmv5\tests\Feature\AdminAgentExportModuleTest.php" line="130" assertions="6" time="0.036916"/>
        <testcase name="test_agent_export_permission_migrations_declare_required_permission" class="Tests\Feature\AdminAgentExportModuleTest" classname="Tests.Feature.AdminAgentExportModuleTest" file="D:\Software\PhpProject\Demo\co_crmv5\tests\Feature\AdminAgentExportModuleTest.php" line="145" assertions="5" time="0.041268"/>
      </testsuite>
      <testsuite name="Tests\Feature\AdminAgentLevelAgentIdValidationClosureModuleTest" file="D:\Software\PhpProject\Demo\co_crmv5\tests\Feature\AdminAgentLevelAgentIdValidationClosureModuleTest.php" tests="2" assertions="10" errors="0" warnings="0" failures="0" skipped="0" time="0.130328">
        <testcase name="test_update_agent_level_rejects_non_strict_agent_id_without_writing_user_info" class="Tests\Feature\AdminAgentLevelAgentIdValidationClosureModuleTest" classname="Tests.Feature.AdminAgentLevelAgentIdValidationClosureModuleTest" file="D:\Software\PhpProject\Demo\co_crmv5\tests\Feature\AdminAgentLevelAgentIdValidationClosureModuleTest.php" line="19" assertions="3" time="0.068890"/>
        <testcase name="test_final_checklist_records_admin_agent_level_agent_id_validation_boundary" class="Tests\Feature\AdminAgentLevelAgentIdValidationClosureModuleTest" classname="Tests.Feature.AdminAgentLevelAgentIdValidationClosureModuleTest" file="D:\Software\PhpProject\Demo\co_crmv5\tests\Feature\AdminAgentLevelAgentIdValidationClosureModuleTest.php" line="40" assertions="7" time="0.061438"/>
      </testsuite>
      <testsuite name="Tests\Feature\AdminAgentLevelCommissionValidationClosureModuleTest" file="D:\Software\PhpProject\Demo\co_crmv5\tests\Feature\AdminAgentLevelCommissionValidationClosureModuleTest.php" tests="3" assertions="17" errors="0" warnings="0" failures="0" skipped="0" time="0.152095">
        <testcase name="test_create_agent_level_rejects_non_strict_commission_value_without_writing_level" class="Tests\Feature\AdminAgentLevelCommissionValidationClosureModuleTest" classname="Tests.Feature.AdminAgentLevelCommissionValidationClosureModuleTest" file="D:\Software\PhpProject\Demo\co_crmv5\tests\Feature\AdminAgentLevelCommissionValidationClosureModuleTest.php" line="20" assertions="3" time="0.053109"/>
        <testcase name="test_update_agent_level_rejects_non_strict_legacy_commission_rate_without_changing_level" class="Tests\Feature\AdminAgentLevelCommissionValidationClosureModuleTest" classname="Tests.Feature.AdminAgentLevelCommissionValidationClosureModuleTest" file="D:\Software\PhpProject\Demo\co_crmv5\tests\Feature\AdminAgentLevelCommissionValidationClosureModuleTest.php" line="42" assertions="6" time="0.048834"/>
        <testcase name="test_final_checklist_records_agent_level_commission_validation_boundary" class="Tests\Feature\AdminAgentLevelCommissionValidationClosureModuleTest" classname="Tests.Feature.AdminAgentLevelCommissionValidationClosureModuleTest" file="D:\Software\PhpProject\Demo\co_crmv5\tests\Feature\AdminAgentLevelCommissionValidationClosureModuleTest.php" line="68" assertions="8" time="0.050152"/>
      </testsuite>
      <testsuite name="Tests\Feature\AdminAgentLevelExistsValidationClosureModuleTest" file="D:\Software\PhpProject\Demo\co_crmv5\tests\Feature\AdminAgentLevelExistsValidationClosureModuleTest.php" tests="2" assertions="9" errors="0" warnings="0" failures="0" skipped="0" time="0.078559">
        <testcase name="test_update_agent_level_rejects_missing_agent_level_without_writing_user_info" class="Tests\Feature\AdminAgentLevelExistsValidationClosureModuleTest" classname="Tests.Feature.AdminAgentLevelExistsValidationClosureModuleTest" file="D:\Software\PhpProject\Demo\co_crmv5\tests\Feature\AdminAgentLevelExistsValidationClosureModuleTest.php" line="19" assertions="3" time="0.049714"/>
        <testcase name="test_final_checklist_records_admin_agent_level_exists_validation_boundary" class="Tests\Feature\AdminAgentLevelExistsValidationClosureModuleTest" classname="Tests.Feature.AdminAgentLevelExistsValidationClosureModuleTest" file="D:\Software\PhpProject\Demo\co_crmv5\tests\Feature\AdminAgentLevelExistsValidationClosureModuleTest.php" line="42" assertions="6" time="0.028844"/>
      </testsuite>
      <testsuite name="Tests\Feature\AdminAgentLevelRouteIdValidationClosureModuleTest" file="D:\Software\PhpProject\Demo\co_crmv5\tests\Feature\AdminAgentLevelRouteIdValidationClosureModuleTest.php" tests="3" assertions="19" errors="0" warnings="0" failures="0" skipped="0" time="0.137276">
        <testcase name="test_update_agent_level_rejects_non_strict_route_id_without_changing_level" class="Tests\Feature\AdminAgentLevelRouteIdValidationClosureModuleTest" classname="Tests.Feature.AdminAgentLevelRouteIdValidationClosureModuleTest" file="D:\Software\PhpProject\Demo\co_crmv5\tests\Feature\AdminAgentLevelRouteIdValidationClosureModuleTest.php" line="20" assertions="7" time="0.049931"/>
        <testcase name="test_delete_agent_level_rejects_non_strict_route_id_without_deleting_level" class="Tests\Feature\AdminAgentLevelRouteIdValidationClosureModuleTest" classname="Tests.Feature.AdminAgentLevelRouteIdValidationClosureModuleTest" file="D:\Software\PhpProject\Demo\co_crmv5\tests\Feature\AdminAgentLevelRouteIdValidationClosureModuleTest.php" line="47" assertions="5" time="0.055782"/>
        <testcase name="test_final_checklist_records_agent_level_route_id_validation_boundary" class="Tests\Feature\AdminAgentLevelRouteIdValidationClosureModuleTest" classname="Tests.Feature.AdminAgentLevelRouteIdValidationClosureModuleTest" file="D:\Software\PhpProject\Demo\co_crmv5\tests\Feature\AdminAgentLevelRouteIdValidationClosureModuleTest.php" line="66" assertions="7" time="0.031563"/>
      </testsuite>
      <testsuite name="Tests\Feature\AdminAgentLevelUpdateFieldModuleTest" file="D:\Software\PhpProject\Demo\co_crmv5\tests\Feature\AdminAgentLevelUpdateFieldModuleTest.php" tests="3" assertions="9" errors="0" warnings="0" failures="0" skipped="0" time="0.132268">
        <testcase name="test_update_agent_level_writes_real_level_id_field" class="Tests\Feature\AdminAgentLevelUpdateFieldModuleTest" classname="Tests.Feature.AdminAgentLevelUpdateFieldModuleTest" file="D:\Software\PhpProject\Demo\co_crmv5\tests\Feature\AdminAgentLevelUpdateFieldModuleTest.php" line="18" assertions="2" time="0.046240"/>
        <testcase name="test_agent_level_update_source_targets_level_id_not_legacy_agent_level" class="Tests\Feature\AdminAgentLevelUpdateFieldModuleTest" classname="Tests.Feature.AdminAgentLevelUpdateFieldModuleTest" file="D:\Software\PhpProject\Demo\co_crmv5\tests\Feature\AdminAgentLevelUpdateFieldModuleTest.php" line="42" assertions="2" time="0.039366"/>
        <testcase name="test_agent_level_frontend_configs_use_real_level_id_field" class="Tests\Feature\AdminAgentLevelUpdateFieldModuleTest" classname="Tests.Feature.AdminAgentLevelUpdateFieldModuleTest" file="D:\Software\PhpProject\Demo\co_crmv5\tests\Feature\AdminAgentLevelUpdateFieldModuleTest.php" line="50" assertions="5" time="0.046663"/>
      </testsuite>
      <testsuite name="Tests\Feature\AdminAgentLevelsJsCommentReadabilityTest" file="D:\Software\PhpProject\Demo\co_crmv5\tests\Feature\AdminAgentLevelsJsCommentReadabilityTest.php" tests="2" assertions="16" errors="0" warnings="0" failures="0" skipped="0" time="0.048522">
        <testcase name="test_agent_levels_js_keeps_readable_chinese_logic_comments" class="Tests\Feature\AdminAgentLevelsJsCommentReadabilityTest" classname="Tests.Feature.AdminAgentLevelsJsCommentReadabilityTest" file="D:\Software\PhpProject\Demo\co_crmv5\tests\Feature\AdminAgentLevelsJsCommentReadabilityTest.php" line="25" assertions="8" time="0.023110"/>
        <testcase name="test_agent_levels_js_does_not_contain_garbled_comment_fragments" class="Tests\Feature\AdminAgentLevelsJsCommentReadabilityTest" classname="Tests.Feature.AdminAgentLevelsJsCommentReadabilityTest" file="D:\Software\PhpProject\Demo\co_crmv5\tests\Feature\AdminAgentLevelsJsCommentReadabilityTest.php" line="39" assertions="8" time="0.025412"/>
      </testsuite>
      <testsuite name="Tests\Feature\AdminAgentListExportAgentIdValidationClosureModuleTest" file="D:\Software\PhpProject\Demo\co_crmv5\tests\Feature\AdminAgentListExportAgentIdValidationClosureModuleTest.php" tests="3" assertions="14" errors="0" warnings="0" failures="0" skipped="0" time="0.126484">
        <testcase name="test_agent_list_rejects_non_strict_agent_id_without_returning_agent_row" class="Tests\Feature\AdminAgentListExportAgentIdValidationClosureModuleTest" classname="Tests.Feature.AdminAgentListExportAgentIdValidationClosureModuleTest" file="D:\Software\PhpProject\Demo\co_crmv5\tests\Feature\AdminAgentListExportAgentIdValidationClosureModuleTest.php" line="20" assertions="3" time="0.047628"/>
        <testcase name="test_agent_export_rejects_non_strict_agent_id_without_streaming_agent_row" class="Tests\Feature\AdminAgentListExportAgentIdValidationClosureModuleTest" classname="Tests.Feature.AdminAgentListExportAgentIdValidationClosureModuleTest" file="D:\Software\PhpProject\Demo\co_crmv5\tests\Feature\AdminAgentListExportAgentIdValidationClosureModuleTest.php" line="41" assertions="4" time="0.050054"/>
        <testcase name="test_final_checklist_records_admin_agent_list_export_agent_id_validation_boundary" class="Tests\Feature\AdminAgentListExportAgentIdValidationClosureModuleTest" classname="Tests.Feature.AdminAgentListExportAgentIdValidationClosureModuleTest" file="D:\Software\PhpProject\Demo\co_crmv5\tests\Feature\AdminAgentListExportAgentIdValidationClosureModuleTest.php" line="63" assertions="7" time="0.028802"/>
      </testsuite>
      <testsuite name="Tests\Feature\AdminAgentOperationPermissionMigrationTest" file="D:\Software\PhpProject\Demo\co_crmv5\tests\Feature\AdminAgentOperationPermissionMigrationTest.php" tests="1" assertions="31" errors="0" warnings="0" failures="0" skipped="0" time="0.040804">
        <testcase name="test_agent_operation_permissions_are_seeded_by_migration" class="Tests\Feature\AdminAgentOperationPermissionMigrationTest" classname="Tests.Feature.AdminAgentOperationPermissionMigrationTest" file="D:\Software\PhpProject\Demo\co_crmv5\tests\Feature\AdminAgentOperationPermissionMigrationTest.php" line="25" assertions="31" time="0.040804"/>
      </testsuite>
      <testsuite name="Tests\Feature\AdminAgentRejectReasonTrimValidationClosureModuleTest" file="D:\Software\PhpProject\Demo\co_crmv5\tests\Feature\AdminAgentRejectReasonTrimValidationClosureModuleTest.php" tests="2" assertions="12" errors="0" warnings="0" failures="0" skipped="0" time="0.074785">
        <testcase name="test_reject_agent_confirmation_rejects_blank_reason_after_trim_without_writing_state" class="Tests\Feature\AdminAgentRejectReasonTrimValidationClosureModuleTest" classname="Tests.Feature.AdminAgentRejectReasonTrimValidationClosureModuleTest" file="D:\Software\PhpProject\Demo\co_crmv5\tests\Feature\AdminAgentRejectReasonTrimValidationClosureModuleTest.php" line="19" assertions="5" time="0.043636"/>
        <testcase name="test_final_checklist_records_admin_agent_reject_reason_trim_validation_boundary" class="Tests\Feature\AdminAgentRejectReasonTrimValidationClosureModuleTest" classname="Tests.Feature.AdminAgentRejectReasonTrimValidationClosureModuleTest" file="D:\Software\PhpProject\Demo\co_crmv5\tests\Feature\AdminAgentRejectReasonTrimValidationClosureModuleTest.php" line="43" assertions="7" time="0.031149"/>
      </testsuite>
      <testsuite name="Tests\Feature\AdminAgentStatsModuleTest" file="D:\Software\PhpProject\Demo\co_crmv5\tests\Feature\AdminAgentStatsModuleTest.php" tests="7" assertions="52" errors="0" warnings="0" failures="0" skipped="0" time="0.408413">
        <testcase name="test_agent_stats_api_route_has_permission_middleware" class="Tests\Feature\AdminAgentStatsModuleTest" classname="Tests.Feature.AdminAgentStatsModuleTest" file="D:\Software\PhpProject\Demo\co_crmv5\tests\Feature\AdminAgentStatsModuleTest.php" line="20" assertions="2" time="0.057066"/>
        <testcase name="test_agent_stats_endpoint_uses_real_level_id_and_returns_direct_counts" class="Tests\Feature\AdminAgentStatsModuleTest" classname="Tests.Feature.AdminAgentStatsModuleTest" file="D:\Software\PhpProject\Demo\co_crmv5\tests\Feature\AdminAgentStatsModuleTest.php" line="29" assertions="11" time="0.059504"/>
        <testcase name="test_agent_stats_endpoint_filters_agents_by_created_date_range" class="Tests\Feature\AdminAgentStatsModuleTest" classname="Tests.Feature.AdminAgentStatsModuleTest" file="D:\Software\PhpProject\Demo\co_crmv5\tests\Feature\AdminAgentStatsModuleTest.php" line="63" assertions="6" time="0.096983"/>
        <testcase name="test_agent_stats_endpoint_exposes_legacy_money_fields_from_user_trades" class="Tests\Feature\AdminAgentStatsModuleTest" classname="Tests.Feature.AdminAgentStatsModuleTest" file="D:\Software\PhpProject\Demo\co_crmv5\tests\Feature\AdminAgentStatsModuleTest.php" line="109" assertions="14" time="0.058980"/>
        <testcase name="test_agent_stats_source_targets_level_id_not_legacy_agent_level" class="Tests\Feature\AdminAgentStatsModuleTest" classname="Tests.Feature.AdminAgentStatsModuleTest" file="D:\Software\PhpProject\Demo\co_crmv5\tests\Feature\AdminAgentStatsModuleTest.php" line="144" assertions="2" time="0.029610"/>
        <testcase name="test_agent_stats_frontend_configs_are_exposed" class="Tests\Feature\AdminAgentStatsModuleTest" classname="Tests.Feature.AdminAgentStatsModuleTest" file="D:\Software\PhpProject\Demo\co_crmv5\tests\Feature\AdminAgentStatsModuleTest.php" line="152" assertions="12" time="0.062364"/>
        <testcase name="test_agent_stats_permission_migrations_declare_required_permission" class="Tests\Feature\AdminAgentStatsModuleTest" classname="Tests.Feature.AdminAgentStatsModuleTest" file="D:\Software\PhpProject\Demo\co_crmv5\tests\Feature\AdminAgentStatsModuleTest.php" line="173" assertions="5" time="0.043905"/>
      </testsuite>
      <testsuite name="Tests\Feature\AdminAgentStatsUserIdValidationClosureModuleTest" file="D:\Software\PhpProject\Demo\co_crmv5\tests\Feature\AdminAgentStatsUserIdValidationClosureModuleTest.php" tests="2" assertions="9" errors="0" warnings="0" failures="0" skipped="0" time="0.083161">
        <testcase name="test_agent_stats_rejects_non_strict_user_id_without_returning_agent_row" class="Tests\Feature\AdminAgentStatsUserIdValidationClosureModuleTest" classname="Tests.Feature.AdminAgentStatsUserIdValidationClosureModuleTest" file="D:\Software\PhpProject\Demo\co_crmv5\tests\Feature\AdminAgentStatsUserIdValidationClosureModuleTest.php" line="19" assertions="3" time="0.054233"/>
        <testcase name="test_final_checklist_records_admin_agent_stats_user_id_validation_boundary" class="Tests\Feature\AdminAgentStatsUserIdValidationClosureModuleTest" classname="Tests.Feature.AdminAgentStatsUserIdValidationClosureModuleTest" file="D:\Software\PhpProject\Demo\co_crmv5\tests\Feature\AdminAgentStatsUserIdValidationClosureModuleTest.php" line="41" assertions="6" time="0.028928"/>
      </testsuite>
      <testsuite name="Tests\Feature\AdminAuthControllerCommentReadabilityTest" file="D:\Software\PhpProject\Demo\co_crmv5\tests\Feature\AdminAuthControllerCommentReadabilityTest.php" tests="1" assertions="35" errors="0" warnings="0" failures="0" skipped="0" time="0.029338">
        <testcase name="test_admin_auth_controller_keeps_readable_chinese_logic_comments" class="Tests\Feature\AdminAuthControllerCommentReadabilityTest" classname="Tests.Feature.AdminAuthControllerCommentReadabilityTest" file="D:\Software\PhpProject\Demo\co_crmv5\tests\Feature\AdminAuthControllerCommentReadabilityTest.php" line="22" assertions="35" time="0.029338"/>
      </testsuite>
      <testsuite name="Tests\Feature\AdminAuthModelCommentReadabilityTest" file="D:\Software\PhpProject\Demo\co_crmv5\tests\Feature\AdminAuthModelCommentReadabilityTest.php" tests="1" assertions="32" errors="0" warnings="0" failures="0" skipped="0" time="0.035017">
        <testcase name="test_admin_auth_models_contain_readable_chinese_logic_comments" class="Tests\Feature\AdminAuthModelCommentReadabilityTest" classname="Tests.Feature.AdminAuthModelCommentReadabilityTest" file="D:\Software\PhpProject\Demo\co_crmv5\tests\Feature\AdminAuthModelCommentReadabilityTest.php" line="30" assertions="32" time="0.035017"/>
      </testsuite>
      <testsuite name="Tests\Feature\AdminAuthenticateMiddlewareLocalizationTest" file="D:\Software\PhpProject\Demo\co_crmv5\tests\Feature\AdminAuthenticateMiddlewareLocalizationTest.php" tests="2" assertions="8" errors="0" warnings="0" failures="0" skipped="0" time="0.049261">
        <testcase name="test_admin_authenticate_uses_localized_json_message" class="Tests\Feature\AdminAuthenticateMiddlewareLocalizationTest" classname="Tests.Feature.AdminAuthenticateMiddlewareLocalizationTest" file="D:\Software\PhpProject\Demo\co_crmv5\tests\Feature\AdminAuthenticateMiddlewareLocalizationTest.php" line="22" assertions="4" time="0.025290"/>
        <testcase name="test_admin_authenticate_documents_request_next_and_redirect_boundaries" class="Tests\Feature\AdminAuthenticateMiddlewareLocalizationTest" classname="Tests.Feature.AdminAuthenticateMiddlewareLocalizationTest" file="D:\Software\PhpProject\Demo\co_crmv5\tests\Feature\AdminAuthenticateMiddlewareLocalizationTest.php" line="37" assertions="4" time="0.023970"/>
      </testsuite>
      <testsuite name="Tests\Feature\AdminAuthenticationModuleTest" file="D:\Software\PhpProject\Demo\co_crmv5\tests\Feature\AdminAuthenticationModuleTest.php" tests="6" assertions="45" errors="0" warnings="0" failures="0" skipped="0" time="0.267933">
        <testcase name="test_authentication_page_is_registered" class="Tests\Feature\AdminAuthenticationModuleTest" classname="Tests.Feature.AdminAuthenticationModuleTest" file="D:\Software\PhpProject\Demo\co_crmv5\tests\Feature\AdminAuthenticationModuleTest.php" line="33" assertions="1" time="0.040737"/>
        <testcase name="test_authentication_page_renders_blade_controls" class="Tests\Feature\AdminAuthenticationModuleTest" classname="Tests.Feature.AdminAuthenticationModuleTest" file="D:\Software\PhpProject\Demo\co_crmv5\tests\Feature\AdminAuthenticationModuleTest.php" line="43" assertions="8" time="0.062599"/>
        <testcase name="test_authentication_api_routes_have_permission_middleware" class="Tests\Feature\AdminAuthenticationModuleTest" classname="Tests.Feature.AdminAuthenticationModuleTest" file="D:\Software\PhpProject\Demo\co_crmv5\tests\Feature\AdminAuthenticationModuleTest.php" line="62" assertions="6" time="0.029448"/>
        <testcase name="test_authentication_controller_uses_real_tables_and_data_scope" class="Tests\Feature\AdminAuthenticationModuleTest" classname="Tests.Feature.AdminAuthenticationModuleTest" file="D:\Software\PhpProject\Demo\co_crmv5\tests\Feature\AdminAuthenticationModuleTest.php" line="82" assertions="7" time="0.040679"/>
        <testcase name="test_review_auth_updates_real_auth_fields_and_writes_operation_log" class="Tests\Feature\AdminAuthenticationModuleTest" classname="Tests.Feature.AdminAuthenticationModuleTest" file="D:\Software\PhpProject\Demo\co_crmv5\tests\Feature\AdminAuthenticationModuleTest.php" line="107" assertions="14" time="0.049602"/>
        <testcase name="test_authentication_permission_migration_declares_required_permissions" class="Tests\Feature\AdminAuthenticationModuleTest" classname="Tests.Feature.AdminAuthenticationModuleTest" file="D:\Software\PhpProject\Demo\co_crmv5\tests\Feature\AdminAuthenticationModuleTest.php" line="205" assertions="9" time="0.044868"/>
      </testsuite>
      <testsuite name="Tests\Feature\AdminAuthenticationUserIdValidationClosureModuleTest" file="D:\Software\PhpProject\Demo\co_crmv5\tests\Feature\AdminAuthenticationUserIdValidationClosureModuleTest.php" tests="3" assertions="13" errors="0" warnings="0" failures="0" skipped="0" time="0.123916">
        <testcase name="test_auth_pending_list_rejects_non_strict_user_id_filter_without_returning_auth_record" class="Tests\Feature\AdminAuthenticationUserIdValidationClosureModuleTest" classname="Tests.Feature.AdminAuthenticationUserIdValidationClosureModuleTest" file="D:\Software\PhpProject\Demo\co_crmv5\tests\Feature\AdminAuthenticationUserIdValidationClosureModuleTest.php" line="33" assertions="3" time="0.040007"/>
        <testcase name="test_auth_certified_list_rejects_non_strict_user_id_filter_without_returning_auth_record" class="Tests\Feature\AdminAuthenticationUserIdValidationClosureModuleTest" classname="Tests.Feature.AdminAuthenticationUserIdValidationClosureModuleTest" file="D:\Software\PhpProject\Demo\co_crmv5\tests\Feature\AdminAuthenticationUserIdValidationClosureModuleTest.php" line="51" assertions="3" time="0.042622"/>
        <testcase name="test_final_checklist_records_authentication_user_id_validation_boundary" class="Tests\Feature\AdminAuthenticationUserIdValidationClosureModuleTest" classname="Tests.Feature.AdminAuthenticationUserIdValidationClosureModuleTest" file="D:\Software\PhpProject\Demo\co_crmv5\tests\Feature\AdminAuthenticationUserIdValidationClosureModuleTest.php" line="69" assertions="7" time="0.041288"/>
      </testsuite>
      <testsuite name="Tests\Feature\AdminBatchAmountImportModuleTest" file="D:\Software\PhpProject\Demo\co_crmv5\tests\Feature\AdminBatchAmountImportModuleTest.php" tests="8" assertions="94" errors="0" warnings="0" failures="0" skipped="0" time="0.475941">
        <testcase name="test_batch_amount_import_pages_are_registered" class="Tests\Feature\AdminBatchAmountImportModuleTest" classname="Tests.Feature.AdminBatchAmountImportModuleTest" file="D:\Software\PhpProject\Demo\co_crmv5\tests\Feature\AdminBatchAmountImportModuleTest.php" line="31" assertions="2" time="0.030578"/>
        <testcase name="test_deposit_import_page_renders_blade_controls" class="Tests\Feature\AdminBatchAmountImportModuleTest" classname="Tests.Feature.AdminBatchAmountImportModuleTest" file="D:\Software\PhpProject\Demo\co_crmv5\tests\Feature\AdminBatchAmountImportModuleTest.php" line="43" assertions="15" time="0.032873"/>
        <testcase name="test_withdraw_import_page_renders_blade_controls" class="Tests\Feature\AdminBatchAmountImportModuleTest" classname="Tests.Feature.AdminBatchAmountImportModuleTest" file="D:\Software\PhpProject\Demo\co_crmv5\tests\Feature\AdminBatchAmountImportModuleTest.php" line="69" assertions="15" time="0.042042"/>
        <testcase name="test_crmui_amount_import_forms_match_backend_required_fields" class="Tests\Feature\AdminBatchAmountImportModuleTest" classname="Tests.Feature.AdminBatchAmountImportModuleTest" file="D:\Software\PhpProject\Demo\co_crmv5\tests\Feature\AdminBatchAmountImportModuleTest.php" line="95" assertions="14" time="0.075243"/>
        <testcase name="test_batch_amount_import_api_routes_are_registered_with_permission_middleware" class="Tests\Feature\AdminBatchAmountImportModuleTest" classname="Tests.Feature.AdminBatchAmountImportModuleTest" file="D:\Software\PhpProject\Demo\co_crmv5\tests\Feature\AdminBatchAmountImportModuleTest.php" line="110" assertions="16" time="0.036304"/>
        <testcase name="test_batch_amount_template_and_export_endpoints_return_csv_downloads" class="Tests\Feature\AdminBatchAmountImportModuleTest" classname="Tests.Feature.AdminBatchAmountImportModuleTest" file="D:\Software\PhpProject\Demo\co_crmv5\tests\Feature\AdminBatchAmountImportModuleTest.php" line="132" assertions="16" time="0.121166"/>
        <testcase name="test_batch_amount_create_endpoints_accept_csv_uploads" class="Tests\Feature\AdminBatchAmountImportModuleTest" classname="Tests.Feature.AdminBatchAmountImportModuleTest" file="D:\Software\PhpProject\Demo\co_crmv5\tests\Feature\AdminBatchAmountImportModuleTest.php" line="208" assertions="8" time="0.078435"/>
        <testcase name="test_batch_amount_csv_upload_rejects_mismatched_mt4_login" class="Tests\Feature\AdminBatchAmountImportModuleTest" classname="Tests.Feature.AdminBatchAmountImportModuleTest" file="D:\Software\PhpProject\Demo\co_crmv5\tests\Feature\AdminBatchAmountImportModuleTest.php" line="279" assertions="8" time="0.059300"/>
      </testsuite>
      <testsuite name="Tests\Feature\AdminBatchAmountImportMt4SyncClosureModuleTest" file="D:\Software\PhpProject\Demo\co_crmv5\tests\Feature\AdminBatchAmountImportMt4SyncClosureModuleTest.php" tests="7" assertions="53" errors="0" warnings="0" failures="0" skipped="0" time="0.430662">
        <testcase name="test_batch_amount_sync_routes_permissions_and_frontend_wiring_are_declared" class="Tests\Feature\AdminBatchAmountImportMt4SyncClosureModuleTest" classname="Tests.Feature.AdminBatchAmountImportMt4SyncClosureModuleTest" file="D:\Software\PhpProject\Demo\co_crmv5\tests\Feature\AdminBatchAmountImportMt4SyncClosureModuleTest.php" line="23" assertions="14" time="0.055663"/>
        <testcase name="test_pending_deposit_import_syncs_successfully_to_mt4_gateway" class="Tests\Feature\AdminBatchAmountImportMt4SyncClosureModuleTest" classname="Tests.Feature.AdminBatchAmountImportMt4SyncClosureModuleTest" file="D:\Software\PhpProject\Demo\co_crmv5\tests\Feature\AdminBatchAmountImportMt4SyncClosureModuleTest.php" line="47" assertions="7" time="0.075383"/>
        <testcase name="test_pending_withdraw_import_syncs_successfully_to_mt4_gateway" class="Tests\Feature\AdminBatchAmountImportMt4SyncClosureModuleTest" classname="Tests.Feature.AdminBatchAmountImportMt4SyncClosureModuleTest" file="D:\Software\PhpProject\Demo\co_crmv5\tests\Feature\AdminBatchAmountImportMt4SyncClosureModuleTest.php" line="73" assertions="7" time="0.043854"/>
        <testcase name="test_retryable_not_sent_keeps_import_pending_without_success_ticket" class="Tests\Feature\AdminBatchAmountImportMt4SyncClosureModuleTest" classname="Tests.Feature.AdminBatchAmountImportMt4SyncClosureModuleTest" file="D:\Software\PhpProject\Demo\co_crmv5\tests\Feature\AdminBatchAmountImportMt4SyncClosureModuleTest.php" line="99" assertions="7" time="0.052169"/>
        <testcase name="test_unknown_or_rejected_gateway_result_marks_import_failed_without_fake_success" class="Tests\Feature\AdminBatchAmountImportMt4SyncClosureModuleTest" classname="Tests.Feature.AdminBatchAmountImportMt4SyncClosureModuleTest" file="D:\Software\PhpProject\Demo\co_crmv5\tests\Feature\AdminBatchAmountImportMt4SyncClosureModuleTest.php" line="124" assertions="7" time="0.079907"/>
        <testcase name="test_sync_rejects_non_pending_records_without_calling_gateway" class="Tests\Feature\AdminBatchAmountImportMt4SyncClosureModuleTest" classname="Tests.Feature.AdminBatchAmountImportMt4SyncClosureModuleTest" file="D:\Software\PhpProject\Demo\co_crmv5\tests\Feature\AdminBatchAmountImportMt4SyncClosureModuleTest.php" line="149" assertions="7" time="0.064217"/>
        <testcase name="test_sync_respects_admin_data_scope_before_calling_gateway" class="Tests\Feature\AdminBatchAmountImportMt4SyncClosureModuleTest" classname="Tests.Feature.AdminBatchAmountImportMt4SyncClosureModuleTest" file="D:\Software\PhpProject\Demo\co_crmv5\tests\Feature\AdminBatchAmountImportMt4SyncClosureModuleTest.php" line="175" assertions="4" time="0.059468"/>
      </testsuite>
      <testsuite name="Tests\Feature\AdminBatchAmountImportNumericFilterValidationClosureModuleTest" file="D:\Software\PhpProject\Demo\co_crmv5\tests\Feature\AdminBatchAmountImportNumericFilterValidationClosureModuleTest.php" tests="3" assertions="54" errors="0" warnings="0" failures="0" skipped="0" time="0.183004">
        <testcase name="test_amount_import_lists_reject_non_strict_numeric_filters_without_returning_records" class="Tests\Feature\AdminBatchAmountImportNumericFilterValidationClosureModuleTest" classname="Tests.Feature.AdminBatchAmountImportNumericFilterValidationClosureModuleTest" file="D:\Software\PhpProject\Demo\co_crmv5\tests\Feature\AdminBatchAmountImportNumericFilterValidationClosureModuleTest.php" line="34" assertions="20" time="0.059700"/>
        <testcase name="test_amount_import_exports_reject_non_strict_numeric_filters_without_returning_csv" class="Tests\Feature\AdminBatchAmountImportNumericFilterValidationClosureModuleTest" classname="Tests.Feature.AdminBatchAmountImportNumericFilterValidationClosureModuleTest" file="D:\Software\PhpProject\Demo\co_crmv5\tests\Feature\AdminBatchAmountImportNumericFilterValidationClosureModuleTest.php" line="58" assertions="20" time="0.063196"/>
        <testcase name="test_final_checklist_records_batch_amount_import_numeric_filter_validation_boundary" class="Tests\Feature\AdminBatchAmountImportNumericFilterValidationClosureModuleTest" classname="Tests.Feature.AdminBatchAmountImportNumericFilterValidationClosureModuleTest" file="D:\Software\PhpProject\Demo\co_crmv5\tests\Feature\AdminBatchAmountImportNumericFilterValidationClosureModuleTest.php" line="80" assertions="14" time="0.060108"/>
      </testsuite>
      <testsuite name="Tests\Feature\AdminBatchAmountImportPermissionMigrationTest" file="D:\Software\PhpProject\Demo\co_crmv5\tests\Feature\AdminBatchAmountImportPermissionMigrationTest.php" tests="1" assertions="37" errors="0" warnings="0" failures="0" skipped="0" time="0.076712">
        <testcase name="test_batch_amount_import_permissions_are_seeded_by_migration" class="Tests\Feature\AdminBatchAmountImportPermissionMigrationTest" classname="Tests.Feature.AdminBatchAmountImportPermissionMigrationTest" file="D:\Software\PhpProject\Demo\co_crmv5\tests\Feature\AdminBatchAmountImportPermissionMigrationTest.php" line="23" assertions="37" time="0.076712"/>
      </testsuite>
      <testsuite name="Tests\Feature\AdminBatchAmountImportRetryModuleTest" file="D:\Software\PhpProject\Demo\co_crmv5\tests\Feature\AdminBatchAmountImportRetryModuleTest.php" tests="7" assertions="49" errors="0" warnings="0" failures="0" skipped="0" time="0.259646">
        <testcase name="test_batch_amount_retry_api_routes_are_registered_with_permission_middleware" class="Tests\Feature\AdminBatchAmountImportRetryModuleTest" classname="Tests.Feature.AdminBatchAmountImportRetryModuleTest" file="D:\Software\PhpProject\Demo\co_crmv5\tests\Feature\AdminBatchAmountImportRetryModuleTest.php" line="33" assertions="4" time="0.027669"/>
        <testcase name="test_batch_amount_controller_declares_retry_logic" class="Tests\Feature\AdminBatchAmountImportRetryModuleTest" classname="Tests.Feature.AdminBatchAmountImportRetryModuleTest" file="D:\Software\PhpProject\Demo\co_crmv5\tests\Feature\AdminBatchAmountImportRetryModuleTest.php" line="46" assertions="7" time="0.032587"/>
        <testcase name="test_batch_amount_blade_pages_contain_retry_buttons" class="Tests\Feature\AdminBatchAmountImportRetryModuleTest" classname="Tests.Feature.AdminBatchAmountImportRetryModuleTest" file="D:\Software\PhpProject\Demo\co_crmv5\tests\Feature\AdminBatchAmountImportRetryModuleTest.php" line="65" assertions="6" time="0.033820"/>
        <testcase name="test_batch_amount_layui_scripts_call_retry_apis" class="Tests\Feature\AdminBatchAmountImportRetryModuleTest" classname="Tests.Feature.AdminBatchAmountImportRetryModuleTest" file="D:\Software\PhpProject\Demo\co_crmv5\tests\Feature\AdminBatchAmountImportRetryModuleTest.php" line="84" assertions="6" time="0.033064"/>
        <testcase name="test_batch_amount_permission_migration_declares_retry_permissions" class="Tests\Feature\AdminBatchAmountImportRetryModuleTest" classname="Tests.Feature.AdminBatchAmountImportRetryModuleTest" file="D:\Software\PhpProject\Demo\co_crmv5\tests\Feature\AdminBatchAmountImportRetryModuleTest.php" line="103" assertions="4" time="0.039766"/>
        <testcase name="test_batch_amount_retry_apis_reset_failed_records_to_pending" class="Tests\Feature\AdminBatchAmountImportRetryModuleTest" classname="Tests.Feature.AdminBatchAmountImportRetryModuleTest" file="D:\Software\PhpProject\Demo\co_crmv5\tests\Feature\AdminBatchAmountImportRetryModuleTest.php" line="113" assertions="10" time="0.042235"/>
        <testcase name="test_batch_amount_retry_apis_reject_non_failed_records_without_mutating_them" class="Tests\Feature\AdminBatchAmountImportRetryModuleTest" classname="Tests.Feature.AdminBatchAmountImportRetryModuleTest" file="D:\Software\PhpProject\Demo\co_crmv5\tests\Feature\AdminBatchAmountImportRetryModuleTest.php" line="143" assertions="12" time="0.050507"/>
      </testsuite>
      <testsuite name="Tests\Feature\AdminBatchCreditImportModuleTest" file="D:\Software\PhpProject\Demo\co_crmv5\tests\Feature\AdminBatchCreditImportModuleTest.php" tests="7" assertions="49" errors="0" warnings="0" failures="0" skipped="0" time="0.317924">
        <testcase name="test_credit_import_page_is_registered" class="Tests\Feature\AdminBatchCreditImportModuleTest" classname="Tests.Feature.AdminBatchCreditImportModuleTest" file="D:\Software\PhpProject\Demo\co_crmv5\tests\Feature\AdminBatchCreditImportModuleTest.php" line="32" assertions="1" time="0.044680"/>
        <testcase name="test_credit_import_page_renders_blade_controls" class="Tests\Feature\AdminBatchCreditImportModuleTest" classname="Tests.Feature.AdminBatchCreditImportModuleTest" file="D:\Software\PhpProject\Demo\co_crmv5\tests\Feature\AdminBatchCreditImportModuleTest.php" line="42" assertions="16" time="0.054818"/>
        <testcase name="test_crmui_credit_import_form_matches_backend_required_fields" class="Tests\Feature\AdminBatchCreditImportModuleTest" classname="Tests.Feature.AdminBatchCreditImportModuleTest" file="D:\Software\PhpProject\Demo\co_crmv5\tests\Feature\AdminBatchCreditImportModuleTest.php" line="69" assertions="8" time="0.038680"/>
        <testcase name="test_credit_import_api_routes_are_registered_with_permission_middleware" class="Tests\Feature\AdminBatchCreditImportModuleTest" classname="Tests.Feature.AdminBatchCreditImportModuleTest" file="D:\Software\PhpProject\Demo\co_crmv5\tests\Feature\AdminBatchCreditImportModuleTest.php" line="79" assertions="8" time="0.026955"/>
        <testcase name="test_credit_import_template_and_export_endpoints_return_csv_downloads" class="Tests\Feature\AdminBatchCreditImportModuleTest" classname="Tests.Feature.AdminBatchCreditImportModuleTest" file="D:\Software\PhpProject\Demo\co_crmv5\tests\Feature\AdminBatchCreditImportModuleTest.php" line="97" assertions="8" time="0.063764"/>
        <testcase name="test_credit_import_create_endpoint_accepts_csv_upload" class="Tests\Feature\AdminBatchCreditImportModuleTest" classname="Tests.Feature.AdminBatchCreditImportModuleTest" file="D:\Software\PhpProject\Demo\co_crmv5\tests\Feature\AdminBatchCreditImportModuleTest.php" line="155" assertions="4" time="0.038053"/>
        <testcase name="test_credit_import_csv_upload_rejects_mismatched_mt4_login" class="Tests\Feature\AdminBatchCreditImportModuleTest" classname="Tests.Feature.AdminBatchCreditImportModuleTest" file="D:\Software\PhpProject\Demo\co_crmv5\tests\Feature\AdminBatchCreditImportModuleTest.php" line="205" assertions="4" time="0.050973"/>
      </testsuite>
      <testsuite name="Tests\Feature\AdminBatchCreditImportMt4SyncClosureModuleTest" file="D:\Software\PhpProject\Demo\co_crmv5\tests\Feature\AdminBatchCreditImportMt4SyncClosureModuleTest.php" tests="6" assertions="44" errors="0" warnings="0" failures="0" skipped="0" time="0.329840">
        <testcase name="test_credit_import_sync_route_permission_and_frontend_wiring_are_declared" class="Tests\Feature\AdminBatchCreditImportMt4SyncClosureModuleTest" classname="Tests.Feature.AdminBatchCreditImportMt4SyncClosureModuleTest" file="D:\Software\PhpProject\Demo\co_crmv5\tests\Feature\AdminBatchCreditImportMt4SyncClosureModuleTest.php" line="21" assertions="7" time="0.025856"/>
        <testcase name="test_pending_credit_import_syncs_successfully_to_mt4_gateway" class="Tests\Feature\AdminBatchCreditImportMt4SyncClosureModuleTest" classname="Tests.Feature.AdminBatchCreditImportMt4SyncClosureModuleTest" file="D:\Software\PhpProject\Demo\co_crmv5\tests\Feature\AdminBatchCreditImportMt4SyncClosureModuleTest.php" line="36" assertions="8" time="0.046943"/>
        <testcase name="test_retryable_credit_sync_keeps_import_pending_without_success_ticket" class="Tests\Feature\AdminBatchCreditImportMt4SyncClosureModuleTest" classname="Tests.Feature.AdminBatchCreditImportMt4SyncClosureModuleTest" file="D:\Software\PhpProject\Demo\co_crmv5\tests\Feature\AdminBatchCreditImportMt4SyncClosureModuleTest.php" line="64" assertions="8" time="0.065137"/>
        <testcase name="test_unknown_or_rejected_credit_sync_marks_import_failed_without_fake_success" class="Tests\Feature\AdminBatchCreditImportMt4SyncClosureModuleTest" classname="Tests.Feature.AdminBatchCreditImportMt4SyncClosureModuleTest" file="D:\Software\PhpProject\Demo\co_crmv5\tests\Feature\AdminBatchCreditImportMt4SyncClosureModuleTest.php" line="91" assertions="8" time="0.081681"/>
        <testcase name="test_credit_sync_rejects_non_pending_records_without_calling_gateway" class="Tests\Feature\AdminBatchCreditImportMt4SyncClosureModuleTest" classname="Tests.Feature.AdminBatchCreditImportMt4SyncClosureModuleTest" file="D:\Software\PhpProject\Demo\co_crmv5\tests\Feature\AdminBatchCreditImportMt4SyncClosureModuleTest.php" line="118" assertions="8" time="0.054274"/>
        <testcase name="test_credit_sync_respects_admin_data_scope_before_calling_gateway" class="Tests\Feature\AdminBatchCreditImportMt4SyncClosureModuleTest" classname="Tests.Feature.AdminBatchCreditImportMt4SyncClosureModuleTest" file="D:\Software\PhpProject\Demo\co_crmv5\tests\Feature\AdminBatchCreditImportMt4SyncClosureModuleTest.php" line="146" assertions="5" time="0.055949"/>
      </testsuite>
      <testsuite name="Tests\Feature\AdminBatchCreditImportNumericFilterValidationClosureModuleTest" file="D:\Software\PhpProject\Demo\co_crmv5\tests\Feature\AdminBatchCreditImportNumericFilterValidationClosureModuleTest.php" tests="3" assertions="33" errors="0" warnings="0" failures="0" skipped="0" time="0.173698">
        <testcase name="test_credit_import_list_rejects_non_strict_numeric_filters_without_returning_record" class="Tests\Feature\AdminBatchCreditImportNumericFilterValidationClosureModuleTest" classname="Tests.Feature.AdminBatchCreditImportNumericFilterValidationClosureModuleTest" file="D:\Software\PhpProject\Demo\co_crmv5\tests\Feature\AdminBatchCreditImportNumericFilterValidationClosureModuleTest.php" line="32" assertions="12" time="0.058928"/>
        <testcase name="test_credit_import_export_rejects_non_strict_numeric_filters_without_returning_csv" class="Tests\Feature\AdminBatchCreditImportNumericFilterValidationClosureModuleTest" classname="Tests.Feature.AdminBatchCreditImportNumericFilterValidationClosureModuleTest" file="D:\Software\PhpProject\Demo\co_crmv5\tests\Feature\AdminBatchCreditImportNumericFilterValidationClosureModuleTest.php" line="53" assertions="12" time="0.083540"/>
        <testcase name="test_final_checklist_records_batch_credit_import_numeric_filter_validation_boundary" class="Tests\Feature\AdminBatchCreditImportNumericFilterValidationClosureModuleTest" classname="Tests.Feature.AdminBatchCreditImportNumericFilterValidationClosureModuleTest" file="D:\Software\PhpProject\Demo\co_crmv5\tests\Feature\AdminBatchCreditImportNumericFilterValidationClosureModuleTest.php" line="72" assertions="9" time="0.031230"/>
      </testsuite>
      <testsuite name="Tests\Feature\AdminBatchCreditImportPermissionMigrationTest" file="D:\Software\PhpProject\Demo\co_crmv5\tests\Feature\AdminBatchCreditImportPermissionMigrationTest.php" tests="1" assertions="22" errors="0" warnings="0" failures="0" skipped="0" time="0.037665">
        <testcase name="test_credit_import_permissions_are_seeded_by_migration" class="Tests\Feature\AdminBatchCreditImportPermissionMigrationTest" classname="Tests.Feature.AdminBatchCreditImportPermissionMigrationTest" file="D:\Software\PhpProject\Demo\co_crmv5\tests\Feature\AdminBatchCreditImportPermissionMigrationTest.php" line="23" assertions="22" time="0.037665"/>
      </testsuite>
      <testsuite name="Tests\Feature\AdminBatchCreditImportRetryModuleTest" file="D:\Software\PhpProject\Demo\co_crmv5\tests\Feature\AdminBatchCreditImportRetryModuleTest.php" tests="7" assertions="27" errors="0" warnings="0" failures="0" skipped="0" time="0.223890">
        <testcase name="test_credit_import_retry_api_route_is_registered_with_permission_middleware" class="Tests\Feature\AdminBatchCreditImportRetryModuleTest" classname="Tests.Feature.AdminBatchCreditImportRetryModuleTest" file="D:\Software\PhpProject\Demo\co_crmv5\tests\Feature\AdminBatchCreditImportRetryModuleTest.php" line="33" assertions="2" time="0.028742"/>
        <testcase name="test_credit_import_controller_declares_retry_logic" class="Tests\Feature\AdminBatchCreditImportRetryModuleTest" classname="Tests.Feature.AdminBatchCreditImportRetryModuleTest" file="D:\Software\PhpProject\Demo\co_crmv5\tests\Feature\AdminBatchCreditImportRetryModuleTest.php" line="44" assertions="6" time="0.031077"/>
        <testcase name="test_credit_import_blade_page_contains_retry_button" class="Tests\Feature\AdminBatchCreditImportRetryModuleTest" classname="Tests.Feature.AdminBatchCreditImportRetryModuleTest" file="D:\Software\PhpProject\Demo\co_crmv5\tests\Feature\AdminBatchCreditImportRetryModuleTest.php" line="62" assertions="3" time="0.024177"/>
        <testcase name="test_credit_import_layui_script_calls_retry_api" class="Tests\Feature\AdminBatchCreditImportRetryModuleTest" classname="Tests.Feature.AdminBatchCreditImportRetryModuleTest" file="D:\Software\PhpProject\Demo\co_crmv5\tests\Feature\AdminBatchCreditImportRetryModuleTest.php" line="76" assertions="3" time="0.041149"/>
        <testcase name="test_credit_import_permission_migration_declares_retry_permission" class="Tests\Feature\AdminBatchCreditImportRetryModuleTest" classname="Tests.Feature.AdminBatchCreditImportRetryModuleTest" file="D:\Software\PhpProject\Demo\co_crmv5\tests\Feature\AdminBatchCreditImportRetryModuleTest.php" line="90" assertions="2" time="0.025063"/>
        <testcase name="test_credit_import_retry_api_resets_failed_record_to_pending" class="Tests\Feature\AdminBatchCreditImportRetryModuleTest" classname="Tests.Feature.AdminBatchCreditImportRetryModuleTest" file="D:\Software\PhpProject\Demo\co_crmv5\tests\Feature\AdminBatchCreditImportRetryModuleTest.php" line="98" assertions="5" time="0.035771"/>
        <testcase name="test_credit_import_retry_api_rejects_non_failed_records_without_mutating_them" class="Tests\Feature\AdminBatchCreditImportRetryModuleTest" classname="Tests.Feature.AdminBatchCreditImportRetryModuleTest" file="D:\Software\PhpProject\Demo\co_crmv5\tests\Feature\AdminBatchCreditImportRetryModuleTest.php" line="122" assertions="6" time="0.037911"/>
      </testsuite>
      <testsuite name="Tests\Feature\AdminBatchImportRetryRouteIdValidationClosureModuleTest" file="D:\Software\PhpProject\Demo\co_crmv5\tests\Feature\AdminBatchImportRetryRouteIdValidationClosureModuleTest.php" tests="3" assertions="20" errors="0" warnings="0" failures="0" skipped="0" time="0.124742">
        <testcase name="test_batch_amount_retry_routes_reject_non_strict_route_id_without_resetting_records" class="Tests\Feature\AdminBatchImportRetryRouteIdValidationClosureModuleTest" classname="Tests.Feature.AdminBatchImportRetryRouteIdValidationClosureModuleTest" file="D:\Software\PhpProject\Demo\co_crmv5\tests\Feature\AdminBatchImportRetryRouteIdValidationClosureModuleTest.php" line="20" assertions="6" time="0.038568"/>
        <testcase name="test_batch_credit_retry_route_rejects_non_strict_route_id_without_resetting_record" class="Tests\Feature\AdminBatchImportRetryRouteIdValidationClosureModuleTest" classname="Tests.Feature.AdminBatchImportRetryRouteIdValidationClosureModuleTest" file="D:\Software\PhpProject\Demo\co_crmv5\tests\Feature\AdminBatchImportRetryRouteIdValidationClosureModuleTest.php" line="48" assertions="3" time="0.056200"/>
        <testcase name="test_final_checklist_records_batch_import_retry_route_id_validation_boundary" class="Tests\Feature\AdminBatchImportRetryRouteIdValidationClosureModuleTest" classname="Tests.Feature.AdminBatchImportRetryRouteIdValidationClosureModuleTest" file="D:\Software\PhpProject\Demo\co_crmv5\tests\Feature\AdminBatchImportRetryRouteIdValidationClosureModuleTest.php" line="70" assertions="11" time="0.029974"/>
      </testsuite>
      <testsuite name="Tests\Feature\AdminBigAgentBackendFieldAlignmentTest" file="D:\Software\PhpProject\Demo\co_crmv5\tests\Feature\AdminBigAgentBackendFieldAlignmentTest.php" tests="1" assertions="38" errors="0" warnings="0" failures="0" skipped="0" time="0.025639">
        <testcase name="test_big_agent_backend_uses_is_enabled_and_readable_comments" class="Tests\Feature\AdminBigAgentBackendFieldAlignmentTest" classname="Tests.Feature.AdminBigAgentBackendFieldAlignmentTest" file="D:\Software\PhpProject\Demo\co_crmv5\tests\Feature\AdminBigAgentBackendFieldAlignmentTest.php" line="25" assertions="38" time="0.025639"/>
      </testsuite>
      <testsuite name="Tests\Feature\AdminBigAgentIdStatusValidationClosureModuleTest" file="D:\Software\PhpProject\Demo\co_crmv5\tests\Feature\AdminBigAgentIdStatusValidationClosureModuleTest.php" tests="5" assertions="26" errors="0" warnings="0" failures="0" skipped="0" time="0.255522">
        <testcase name="test_create_big_agent_rejects_invalid_legacy_status_without_writing_account" class="Tests\Feature\AdminBigAgentIdStatusValidationClosureModuleTest" classname="Tests.Feature.AdminBigAgentIdStatusValidationClosureModuleTest" file="D:\Software\PhpProject\Demo\co_crmv5\tests\Feature\AdminBigAgentIdStatusValidationClosureModuleTest.php" line="20" assertions="3" time="0.037209"/>
        <testcase name="test_update_big_agent_rejects_invalid_legacy_status_without_changing_account" class="Tests\Feature\AdminBigAgentIdStatusValidationClosureModuleTest" classname="Tests.Feature.AdminBigAgentIdStatusValidationClosureModuleTest" file="D:\Software\PhpProject\Demo\co_crmv5\tests\Feature\AdminBigAgentIdStatusValidationClosureModuleTest.php" line="41" assertions="4" time="0.061633"/>
        <testcase name="test_update_big_agent_rejects_non_strict_route_id_without_changing_account" class="Tests\Feature\AdminBigAgentIdStatusValidationClosureModuleTest" classname="Tests.Feature.AdminBigAgentIdStatusValidationClosureModuleTest" file="D:\Software\PhpProject\Demo\co_crmv5\tests\Feature\AdminBigAgentIdStatusValidationClosureModuleTest.php" line="66" assertions="4" time="0.042207"/>
        <testcase name="test_delete_big_agent_rejects_non_strict_route_id_without_deleting_account" class="Tests\Feature\AdminBigAgentIdStatusValidationClosureModuleTest" classname="Tests.Feature.AdminBigAgentIdStatusValidationClosureModuleTest" file="D:\Software\PhpProject\Demo\co_crmv5\tests\Feature\AdminBigAgentIdStatusValidationClosureModuleTest.php" line="91" assertions="5" time="0.063401"/>
        <testcase name="test_final_checklist_records_big_agent_id_status_validation_boundary" class="Tests\Feature\AdminBigAgentIdStatusValidationClosureModuleTest" classname="Tests.Feature.AdminBigAgentIdStatusValidationClosureModuleTest" file="D:\Software\PhpProject\Demo\co_crmv5\tests\Feature\AdminBigAgentIdStatusValidationClosureModuleTest.php" line="114" assertions="10" time="0.051072"/>
      </testsuite>
      <testsuite name="Tests\Feature\AdminBigAgentsCommentReadabilityTest" file="D:\Software\PhpProject\Demo\co_crmv5\tests\Feature\AdminBigAgentsCommentReadabilityTest.php" tests="2" assertions="52" errors="0" warnings="0" failures="0" skipped="0" time="0.063315">
        <testcase name="test_big_agents_js_keeps_readable_chinese_logic_comments" class="Tests\Feature\AdminBigAgentsCommentReadabilityTest" classname="Tests.Feature.AdminBigAgentsCommentReadabilityTest" file="D:\Software\PhpProject\Demo\co_crmv5\tests\Feature\AdminBigAgentsCommentReadabilityTest.php" line="25" assertions="27" time="0.025109"/>
        <testcase name="test_big_agents_blade_keeps_readable_chinese_logic_comments" class="Tests\Feature\AdminBigAgentsCommentReadabilityTest" classname="Tests.Feature.AdminBigAgentsCommentReadabilityTest" file="D:\Software\PhpProject\Demo\co_crmv5\tests\Feature\AdminBigAgentsCommentReadabilityTest.php" line="43" assertions="25" time="0.038206"/>
      </testsuite>
      <testsuite name="Tests\Feature\AdminBigNumberModuleTest" file="D:\Software\PhpProject\Demo\co_crmv5\tests\Feature\AdminBigNumberModuleTest.php" tests="3" assertions="16" errors="0" warnings="0" failures="0" skipped="0" time="0.106491">
        <testcase name="test_big_number_api_routes_are_registered_with_permission_middleware" class="Tests\Feature\AdminBigNumberModuleTest" classname="Tests.Feature.AdminBigNumberModuleTest" file="D:\Software\PhpProject\Demo\co_crmv5\tests\Feature\AdminBigNumberModuleTest.php" line="23" assertions="4" time="0.026500"/>
        <testcase name="test_big_number_permissions_are_seeded_by_migration" class="Tests\Feature\AdminBigNumberModuleTest" classname="Tests.Feature.AdminBigNumberModuleTest" file="D:\Software\PhpProject\Demo\co_crmv5\tests\Feature\AdminBigNumberModuleTest.php" line="39" assertions="9" time="0.049852"/>
        <testcase name="test_big_number_controller_uses_current_user_trade_datetime_fields" class="Tests\Feature\AdminBigNumberModuleTest" classname="Tests.Feature.AdminBigNumberModuleTest" file="D:\Software\PhpProject\Demo\co_crmv5\tests\Feature\AdminBigNumberModuleTest.php" line="68" assertions="3" time="0.030139"/>
      </testsuite>
[...]
        <testcase name="test_initial_seeder_replaces_migration_placeholders_with_initial_defaults" class="Tests\Feature\WithdrawalRequiredConfigMigrationClosureModuleTest" classname="Tests.Feature.WithdrawalRequiredConfigMigrationClosureModuleTest" file="D:\Software\PhpProject\Demo\co_crmv5\tests\Feature\WithdrawalRequiredConfigMigrationClosureModuleTest.php" line="177" assertions="4" time="0.140248"/>
        <testcase name="test_front_demo_seeder_preserves_created_at_when_replacing_an_active_migration_placeholder" class="Tests\Feature\WithdrawalRequiredConfigMigrationClosureModuleTest" classname="Tests.Feature.WithdrawalRequiredConfigMigrationClosureModuleTest" file="D:\Software\PhpProject\Demo\co_crmv5\tests\Feature\WithdrawalRequiredConfigMigrationClosureModuleTest.php" line="191" assertions="1" time="0.151541"/>
        <testcase name="test_initial_seeder_preserves_created_at_when_replacing_an_active_migration_placeholder" class="Tests\Feature\WithdrawalRequiredConfigMigrationClosureModuleTest" classname="Tests.Feature.WithdrawalRequiredConfigMigrationClosureModuleTest" file="D:\Software\PhpProject\Demo\co_crmv5\tests\Feature\WithdrawalRequiredConfigMigrationClosureModuleTest.php" line="221" assertions="1" time="0.107095"/>
        <testcase name="test_legacy_seeder_preserves_created_at_when_replacing_an_active_migration_placeholder" class="Tests\Feature\WithdrawalRequiredConfigMigrationClosureModuleTest" classname="Tests.Feature.WithdrawalRequiredConfigMigrationClosureModuleTest" file="D:\Software\PhpProject\Demo\co_crmv5\tests\Feature\WithdrawalRequiredConfigMigrationClosureModuleTest.php" line="251" assertions="1" time="0.231194"/>
        <testcase name="test_front_demo_seeder_does_not_overwrite_an_administrator_takeover_after_placeholder_select" class="Tests\Feature\WithdrawalRequiredConfigMigrationClosureModuleTest" classname="Tests.Feature.WithdrawalRequiredConfigMigrationClosureModuleTest" file="D:\Software\PhpProject\Demo\co_crmv5\tests\Feature\WithdrawalRequiredConfigMigrationClosureModuleTest.php" line="279" assertions="3" time="0.151120"/>
        <testcase name="test_initial_seeder_does_not_overwrite_an_administrator_takeover_after_placeholder_select" class="Tests\Feature\WithdrawalRequiredConfigMigrationClosureModuleTest" classname="Tests.Feature.WithdrawalRequiredConfigMigrationClosureModuleTest" file="D:\Software\PhpProject\Demo\co_crmv5\tests\Feature\WithdrawalRequiredConfigMigrationClosureModuleTest.php" line="289" assertions="3" time="0.108139"/>
        <testcase name="test_legacy_seeder_does_not_overwrite_an_administrator_takeover_after_placeholder_select" class="Tests\Feature\WithdrawalRequiredConfigMigrationClosureModuleTest" classname="Tests.Feature.WithdrawalRequiredConfigMigrationClosureModuleTest" file="D:\Software\PhpProject\Demo\co_crmv5\tests\Feature\WithdrawalRequiredConfigMigrationClosureModuleTest.php" line="299" assertions="3" time="0.141259"/>
        <testcase name="test_required_config_writer_final_read_accepts_an_administrator_takeover_after_last_cas_miss" class="Tests\Feature\WithdrawalRequiredConfigMigrationClosureModuleTest" classname="Tests.Feature.WithdrawalRequiredConfigMigrationClosureModuleTest" file="D:\Software\PhpProject\Demo\co_crmv5\tests\Feature\WithdrawalRequiredConfigMigrationClosureModuleTest.php" line="312" assertions="4" time="0.166144"/>
        <testcase name="test_required_config_writer_preserves_the_administrator_winner_of_a_unique_insert_race" class="Tests\Feature\WithdrawalRequiredConfigMigrationClosureModuleTest" classname="Tests.Feature.WithdrawalRequiredConfigMigrationClosureModuleTest" file="D:\Software\PhpProject\Demo\co_crmv5\tests\Feature\WithdrawalRequiredConfigMigrationClosureModuleTest.php" line="402" assertions="5" time="0.168037"/>
        <testcase name="test_required_config_writer_takes_over_an_active_migration_placeholder_unique_race_winner" class="Tests\Feature\WithdrawalRequiredConfigMigrationClosureModuleTest" classname="Tests.Feature.WithdrawalRequiredConfigMigrationClosureModuleTest" file="D:\Software\PhpProject\Demo\co_crmv5\tests\Feature\WithdrawalRequiredConfigMigrationClosureModuleTest.php" line="477" assertions="3" time="0.155173"/>
        <testcase name="test_required_config_writer_uses_byte_exact_string_snapshot_cas" class="Tests\Feature\WithdrawalRequiredConfigMigrationClosureModuleTest" classname="Tests.Feature.WithdrawalRequiredConfigMigrationClosureModuleTest" file="D:\Software\PhpProject\Demo\co_crmv5\tests\Feature\WithdrawalRequiredConfigMigrationClosureModuleTest.php" line="538" assertions="3" time="0.169657"/>
        <testcase name="test_required_config_writer_rethrows_the_same_unique_error_when_immediate_read_is_missing" class="Tests\Feature\WithdrawalRequiredConfigMigrationClosureModuleTest" classname="Tests.Feature.WithdrawalRequiredConfigMigrationClosureModuleTest" file="D:\Software\PhpProject\Demo\co_crmv5\tests\Feature\WithdrawalRequiredConfigMigrationClosureModuleTest.php" line="613" assertions="2" time="0.060832"/>
        <testcase name="test_required_config_writer_rethrows_the_same_unique_error_when_immediate_read_is_soft_deleted" class="Tests\Feature\WithdrawalRequiredConfigMigrationClosureModuleTest" classname="Tests.Feature.WithdrawalRequiredConfigMigrationClosureModuleTest" file="D:\Software\PhpProject\Demo\co_crmv5\tests\Feature\WithdrawalRequiredConfigMigrationClosureModuleTest.php" line="643" assertions="2" time="0.152913"/>
        <testcase name="test_required_config_writer_keeps_pending_unique_error_when_placeholder_winner_becomes_missing" class="Tests\Feature\WithdrawalRequiredConfigMigrationClosureModuleTest" classname="Tests.Feature.WithdrawalRequiredConfigMigrationClosureModuleTest" file="D:\Software\PhpProject\Demo\co_crmv5\tests\Feature\WithdrawalRequiredConfigMigrationClosureModuleTest.php" line="700" assertions="5" time="0.097061"/>
        <testcase name="test_required_config_writer_keeps_pending_unique_error_when_placeholder_winner_becomes_soft_deleted" class="Tests\Feature\WithdrawalRequiredConfigMigrationClosureModuleTest" classname="Tests.Feature.WithdrawalRequiredConfigMigrationClosureModuleTest" file="D:\Software\PhpProject\Demo\co_crmv5\tests\Feature\WithdrawalRequiredConfigMigrationClosureModuleTest.php" line="789" assertions="5" time="0.136902"/>
        <testcase name="test_required_config_writer_rethrows_pending_unique_error_after_cas_exhaustion" class="Tests\Feature\WithdrawalRequiredConfigMigrationClosureModuleTest" classname="Tests.Feature.WithdrawalRequiredConfigMigrationClosureModuleTest" file="D:\Software\PhpProject\Demo\co_crmv5\tests\Feature\WithdrawalRequiredConfigMigrationClosureModuleTest.php" line="888" assertions="4" time="0.150138"/>
        <testcase name="test_required_config_writer_reloads_after_a_stale_tombstone_cas" class="Tests\Feature\WithdrawalRequiredConfigMigrationClosureModuleTest" classname="Tests.Feature.WithdrawalRequiredConfigMigrationClosureModuleTest" file="D:\Software\PhpProject\Demo\co_crmv5\tests\Feature\WithdrawalRequiredConfigMigrationClosureModuleTest.php" line="984" assertions="3" time="0.183628"/>
        <testcase name="test_required_config_writer_retries_a_changed_soft_deleted_tombstone" class="Tests\Feature\WithdrawalRequiredConfigMigrationClosureModuleTest" classname="Tests.Feature.WithdrawalRequiredConfigMigrationClosureModuleTest" file="D:\Software\PhpProject\Demo\co_crmv5\tests\Feature\WithdrawalRequiredConfigMigrationClosureModuleTest.php" line="1061" assertions="3" time="0.126226"/>
        <testcase name="test_required_config_writer_fails_clearly_when_tombstone_cas_never_stabilizes" class="Tests\Feature\WithdrawalRequiredConfigMigrationClosureModuleTest" classname="Tests.Feature.WithdrawalRequiredConfigMigrationClosureModuleTest" file="D:\Software\PhpProject\Demo\co_crmv5\tests\Feature\WithdrawalRequiredConfigMigrationClosureModuleTest.php" line="1138" assertions="4" time="0.149052"/>
        <testcase name="test_required_config_writer_rethrows_an_unrelated_insert_error_when_the_key_is_readable" class="Tests\Feature\WithdrawalRequiredConfigMigrationClosureModuleTest" classname="Tests.Feature.WithdrawalRequiredConfigMigrationClosureModuleTest" file="D:\Software\PhpProject\Demo\co_crmv5\tests\Feature\WithdrawalRequiredConfigMigrationClosureModuleTest.php" line="1211" assertions="5" time="0.152111"/>
        <testcase name="test_front_demo_seeder_restores_soft_deleted_migration_placeholder_without_overwriting_it" class="Tests\Feature\WithdrawalRequiredConfigMigrationClosureModuleTest" classname="Tests.Feature.WithdrawalRequiredConfigMigrationClosureModuleTest" file="D:\Software\PhpProject\Demo\co_crmv5\tests\Feature\WithdrawalRequiredConfigMigrationClosureModuleTest.php" line="1291" assertions="1" time="0.128411"/>
        <testcase name="test_initial_seeder_restores_soft_deleted_migration_placeholder_without_overwriting_it" class="Tests\Feature\WithdrawalRequiredConfigMigrationClosureModuleTest" classname="Tests.Feature.WithdrawalRequiredConfigMigrationClosureModuleTest" file="D:\Software\PhpProject\Demo\co_crmv5\tests\Feature\WithdrawalRequiredConfigMigrationClosureModuleTest.php" line="1321" assertions="1" time="0.106693"/>
        <testcase name="test_legacy_seeder_restores_soft_deleted_migration_placeholder_without_overwriting_it" class="Tests\Feature\WithdrawalRequiredConfigMigrationClosureModuleTest" classname="Tests.Feature.WithdrawalRequiredConfigMigrationClosureModuleTest" file="D:\Software\PhpProject\Demo\co_crmv5\tests\Feature\WithdrawalRequiredConfigMigrationClosureModuleTest.php" line="1351" assertions="1" time="0.180335"/>
        <testcase name="test_upgrade_migration_preserves_the_row_that_wins_a_unique_insert_race" class="Tests\Feature\WithdrawalRequiredConfigMigrationClosureModuleTest" classname="Tests.Feature.WithdrawalRequiredConfigMigrationClosureModuleTest" file="D:\Software\PhpProject\Demo\co_crmv5\tests\Feature\WithdrawalRequiredConfigMigrationClosureModuleTest.php" line="1379" assertions="4" time="0.134842"/>
        <testcase name="test_upgrade_migration_retries_soft_delete_restore_after_a_stale_tombstone_cas" class="Tests\Feature\WithdrawalRequiredConfigMigrationClosureModuleTest" classname="Tests.Feature.WithdrawalRequiredConfigMigrationClosureModuleTest" file="D:\Software\PhpProject\Demo\co_crmv5\tests\Feature\WithdrawalRequiredConfigMigrationClosureModuleTest.php" line="1435" assertions="4" time="0.154288"/>
        <testcase name="test_migration_down_removes_only_untouched_inserted_defaults" class="Tests\Feature\WithdrawalRequiredConfigMigrationClosureModuleTest" classname="Tests.Feature.WithdrawalRequiredConfigMigrationClosureModuleTest" file="D:\Software\PhpProject\Demo\co_crmv5\tests\Feature\WithdrawalRequiredConfigMigrationClosureModuleTest.php" line="1494" assertions="5" time="0.149594"/>
        <testcase name="test_front_demo_seeder_preserves_and_restores_required_withdrawal_configs_at_runtime" class="Tests\Feature\WithdrawalRequiredConfigMigrationClosureModuleTest" classname="Tests.Feature.WithdrawalRequiredConfigMigrationClosureModuleTest" file="D:\Software\PhpProject\Demo\co_crmv5\tests\Feature\WithdrawalRequiredConfigMigrationClosureModuleTest.php" line="1544" assertions="6" time="0.106851"/>
        <testcase name="test_initial_seeder_preserves_and_restores_required_withdrawal_configs_at_runtime" class="Tests\Feature\WithdrawalRequiredConfigMigrationClosureModuleTest" classname="Tests.Feature.WithdrawalRequiredConfigMigrationClosureModuleTest" file="D:\Software\PhpProject\Demo\co_crmv5\tests\Feature\WithdrawalRequiredConfigMigrationClosureModuleTest.php" line="1561" assertions="5" time="0.159055"/>
        <testcase name="test_config_snapshot_restore_updates_an_existing_snapshot_row_without_deleting_it" class="Tests\Feature\WithdrawalRequiredConfigMigrationClosureModuleTest" classname="Tests.Feature.WithdrawalRequiredConfigMigrationClosureModuleTest" file="D:\Software\PhpProject\Demo\co_crmv5\tests\Feature\WithdrawalRequiredConfigMigrationClosureModuleTest.php" line="1577" assertions="5" time="0.061274"/>
        <testcase name="test_config_snapshot_restore_inserts_a_missing_snapshot_row" class="Tests\Feature\WithdrawalRequiredConfigMigrationClosureModuleTest" classname="Tests.Feature.WithdrawalRequiredConfigMigrationClosureModuleTest" file="D:\Software\PhpProject\Demo\co_crmv5\tests\Feature\WithdrawalRequiredConfigMigrationClosureModuleTest.php" line="1632" assertions="4" time="0.081128"/>
        <testcase name="test_config_snapshot_restore_retries_a_transient_insert_failure_without_leaving_a_gap" class="Tests\Feature\WithdrawalRequiredConfigMigrationClosureModuleTest" classname="Tests.Feature.WithdrawalRequiredConfigMigrationClosureModuleTest" file="D:\Software\PhpProject\Demo\co_crmv5\tests\Feature\WithdrawalRequiredConfigMigrationClosureModuleTest.php" line="1660" assertions="5" time="0.075258"/>
        <testcase name="test_config_snapshot_restore_aggregates_multiple_failures_and_the_final_snapshot_mismatch" class="Tests\Feature\WithdrawalRequiredConfigMigrationClosureModuleTest" classname="Tests.Feature.WithdrawalRequiredConfigMigrationClosureModuleTest" file="D:\Software\PhpProject\Demo\co_crmv5\tests\Feature\WithdrawalRequiredConfigMigrationClosureModuleTest.php" line="1694" assertions="12" time="0.086142"/>
        <testcase name="test_config_snapshot_restore_deletes_only_a_row_that_was_absent_from_the_snapshot" class="Tests\Feature\WithdrawalRequiredConfigMigrationClosureModuleTest" classname="Tests.Feature.WithdrawalRequiredConfigMigrationClosureModuleTest" file="D:\Software\PhpProject\Demo\co_crmv5\tests\Feature\WithdrawalRequiredConfigMigrationClosureModuleTest.php" line="1754" assertions="6" time="0.070956"/>
        <testcase name="test_shared_system_config_fixture_lock_acquire_failure_is_explicit_and_clears_state" class="Tests\Feature\WithdrawalRequiredConfigMigrationClosureModuleTest" classname="Tests.Feature.WithdrawalRequiredConfigMigrationClosureModuleTest" file="D:\Software\PhpProject\Demo\co_crmv5\tests\Feature\WithdrawalRequiredConfigMigrationClosureModuleTest.php" line="1811" assertions="4" time="0.124247"/>
        <testcase name="test_shared_system_config_fixture_lock_uses_the_database_hash_and_excludes_a_competitor" class="Tests\Feature\WithdrawalRequiredConfigMigrationClosureModuleTest" classname="Tests.Feature.WithdrawalRequiredConfigMigrationClosureModuleTest" file="D:\Software\PhpProject\Demo\co_crmv5\tests\Feature\WithdrawalRequiredConfigMigrationClosureModuleTest.php" line="1837" assertions="3" time="0.087806"/>
        <testcase name="test_shared_system_config_fixture_lock_release_failure_disconnects_and_clears_state" class="Tests\Feature\WithdrawalRequiredConfigMigrationClosureModuleTest" classname="Tests.Feature.WithdrawalRequiredConfigMigrationClosureModuleTest" file="D:\Software\PhpProject\Demo\co_crmv5\tests\Feature\WithdrawalRequiredConfigMigrationClosureModuleTest.php" line="1858" assertions="6" time="0.059816"/>
        <testcase name="test_shared_system_config_fixture_restore_resets_auto_increment_to_the_lock_snapshot" class="Tests\Feature\WithdrawalRequiredConfigMigrationClosureModuleTest" classname="Tests.Feature.WithdrawalRequiredConfigMigrationClosureModuleTest" file="D:\Software\PhpProject\Demo\co_crmv5\tests\Feature\WithdrawalRequiredConfigMigrationClosureModuleTest.php" line="1884" assertions="4" time="0.127629"/>
        <testcase name="test_all_shared_system_config_fixture_test_classes_use_the_same_runtime_manager" class="Tests\Feature\WithdrawalRequiredConfigMigrationClosureModuleTest" classname="Tests.Feature.WithdrawalRequiredConfigMigrationClosureModuleTest" file="D:\Software\PhpProject\Demo\co_crmv5\tests\Feature\WithdrawalRequiredConfigMigrationClosureModuleTest.php" line="1899" assertions="5" time="0.062729"/>
        <testcase name="test_shared_fixture_lifecycle_cleanup_runner_preserves_and_aggregates_all_failures" class="Tests\Feature\WithdrawalRequiredConfigMigrationClosureModuleTest" classname="Tests.Feature.WithdrawalRequiredConfigMigrationClosureModuleTest" file="D:\Software\PhpProject\Demo\co_crmv5\tests\Feature\WithdrawalRequiredConfigMigrationClosureModuleTest.php" line="1916" assertions="17" time="0.071251"/>
        <testcase name="test_all_shared_fixture_lifecycle_methods_call_the_common_cleanup_runner" class="Tests\Feature\WithdrawalRequiredConfigMigrationClosureModuleTest" classname="Tests.Feature.WithdrawalRequiredConfigMigrationClosureModuleTest" file="D:\Software\PhpProject\Demo\co_crmv5\tests\Feature\WithdrawalRequiredConfigMigrationClosureModuleTest.php" line="1998" assertions="10" time="0.129612"/>
        <testcase name="test_settlement_and_owner_shared_fixture_lifecycle_wiring_is_complete" class="Tests\Feature\WithdrawalRequiredConfigMigrationClosureModuleTest" classname="Tests.Feature.WithdrawalRequiredConfigMigrationClosureModuleTest" file="D:\Software\PhpProject\Demo\co_crmv5\tests\Feature\WithdrawalRequiredConfigMigrationClosureModuleTest.php" line="2024" assertions="25" time="0.076271"/>
        <testcase name="test_shared_fixture_auto_increment_reader_gates_mysql_8_session_configuration" class="Tests\Feature\WithdrawalRequiredConfigMigrationClosureModuleTest" classname="Tests.Feature.WithdrawalRequiredConfigMigrationClosureModuleTest" file="D:\Software\PhpProject\Demo\co_crmv5\tests\Feature\WithdrawalRequiredConfigMigrationClosureModuleTest.php" line="2118" assertions="11" time="0.067417"/>
        <testcase name="test_legacy_reference_seeder_creates_all_required_configs_from_empty_legacy_sources" class="Tests\Feature\WithdrawalRequiredConfigMigrationClosureModuleTest" classname="Tests.Feature.WithdrawalRequiredConfigMigrationClosureModuleTest" file="D:\Software\PhpProject\Demo\co_crmv5\tests\Feature\WithdrawalRequiredConfigMigrationClosureModuleTest.php" line="2186" assertions="1" time="0.146432"/>
        <testcase name="test_empty_legacy_withdrawal_rows_do_not_replace_migration_placeholders" class="Tests\Feature\WithdrawalRequiredConfigMigrationClosureModuleTest" classname="Tests.Feature.WithdrawalRequiredConfigMigrationClosureModuleTest" file="D:\Software\PhpProject\Demo\co_crmv5\tests\Feature\WithdrawalRequiredConfigMigrationClosureModuleTest.php" line="2252" assertions="2" time="0.152563"/>
        <testcase name="test_invalid_legacy_withdrawal_rows_do_not_replace_migration_placeholders" class="Tests\Feature\WithdrawalRequiredConfigMigrationClosureModuleTest" classname="Tests.Feature.WithdrawalRequiredConfigMigrationClosureModuleTest" file="D:\Software\PhpProject\Demo\co_crmv5\tests\Feature\WithdrawalRequiredConfigMigrationClosureModuleTest.php" line="2268" assertions="2" time="0.123020"/>
        <testcase name="test_legacy_non_required_config_keeps_existing_update_semantics" class="Tests\Feature\WithdrawalRequiredConfigMigrationClosureModuleTest" classname="Tests.Feature.WithdrawalRequiredConfigMigrationClosureModuleTest" file="D:\Software\PhpProject\Demo\co_crmv5\tests\Feature\WithdrawalRequiredConfigMigrationClosureModuleTest.php" line="2289" assertions="1" time="0.209694"/>
        <testcase name="test_legacy_reference_seeder_preserves_all_administrator_required_configs_across_reruns" class="Tests\Feature\WithdrawalRequiredConfigMigrationClosureModuleTest" classname="Tests.Feature.WithdrawalRequiredConfigMigrationClosureModuleTest" file="D:\Software\PhpProject\Demo\co_crmv5\tests\Feature\WithdrawalRequiredConfigMigrationClosureModuleTest.php" line="2317" assertions="13" time="0.167672"/>
        <testcase name="test_valid_legacy_rules_replace_only_migration_placeholders" class="Tests\Feature\WithdrawalRequiredConfigMigrationClosureModuleTest" classname="Tests.Feature.WithdrawalRequiredConfigMigrationClosureModuleTest" file="D:\Software\PhpProject\Demo\co_crmv5\tests\Feature\WithdrawalRequiredConfigMigrationClosureModuleTest.php" line="2384" assertions="8" time="0.137429"/>
      </testsuite>
    </testsuite>
  </testsuite>
</testsuites>
